{
  "/Users/kimbanseok/git/cheiftory_frontend/eslint.config.js": {
    "path": "/Users/kimbanseok/git/cheiftory_frontend/eslint.config.js",
    "statementMap": {
      "0": {
        "start": { "line": 2, "column": 25 },
        "end": { "line": 2, "column": 49 }
      },
      "1": {
        "start": { "line": 3, "column": 19 },
        "end": { "line": 3, "column": 53 }
      },
      "2": {
        "start": { "line": 4, "column": 40 },
        "end": { "line": 4, "column": 85 }
      },
      "3": {
        "start": { "line": 6, "column": 0 },
        "end": { "line": 12, "column": 3 }
      }
    },
    "fnMap": {},
    "branchMap": {},
    "s": { "0": 0, "1": 0, "2": 0, "3": 0 },
    "f": {},
    "b": {}
  },
  "/Users/kimbanseok/git/cheiftory_frontend/expo-router.config.js": {
    "path": "/Users/kimbanseok/git/cheiftory_frontend/expo-router.config.js",
    "statementMap": {
      "0": {
        "start": { "line": 1, "column": 0 },
        "end": { "line": 3, "column": 2 }
      }
    },
    "fnMap": {},
    "branchMap": {},
    "s": { "0": 0 },
    "f": {},
    "b": {}
  },
  "/Users/kimbanseok/git/cheiftory_frontend/scripts/replaceLinearGradient.js": {
    "path": "/Users/kimbanseok/git/cheiftory_frontend/scripts/replaceLinearGradient.js",
    "statementMap": {
      "0": {
        "start": { "line": 2, "column": 11 },
        "end": { "line": 2, "column": 24 }
      },
      "1": {
        "start": { "line": 3, "column": 13 },
        "end": { "line": 3, "column": 28 }
      },
      "2": {
        "start": { "line": 5, "column": 16 },
        "end": { "line": 8, "column": 1 }
      },
      "3": {
        "start": { "line": 11, "column": 15 },
        "end": { "line": 11, "column": 49 }
      },
      "4": {
        "start": { "line": 12, "column": 18 },
        "end": { "line": 16, "column": 79 }
      },
      "5": {
        "start": { "line": 18, "column": 2 },
        "end": { "line": 21, "column": 3 }
      },
      "6": {
        "start": { "line": 19, "column": 4 },
        "end": { "line": 19, "column": 49 }
      },
      "7": {
        "start": { "line": 20, "column": 4 },
        "end": { "line": 20, "column": 64 }
      },
      "8": {
        "start": { "line": 25, "column": 2 },
        "end": { "line": 30, "column": 3 }
      },
      "9": {
        "start": { "line": 26, "column": 17 },
        "end": { "line": 26, "column": 38 }
      },
      "10": {
        "start": { "line": 27, "column": 17 },
        "end": { "line": 27, "column": 34 }
      },
      "11": {
        "start": { "line": 28, "column": 4 },
        "end": { "line": 29, "column": 70 }
      },
      "12": {
        "start": { "line": 28, "column": 28 },
        "end": { "line": 28, "column": 39 }
      },
      "13": {
        "start": { "line": 29, "column": 9 },
        "end": { "line": 29, "column": 70 }
      },
      "14": {
        "start": { "line": 29, "column": 50 },
        "end": { "line": 29, "column": 70 }
      },
      "15": {
        "start": { "line": 33, "column": 0 },
        "end": { "line": 33, "column": 70 }
      },
      "16": {
        "start": { "line": 34, "column": 0 },
        "end": { "line": 35, "column": 53 }
      },
      "17": {
        "start": { "line": 34, "column": 28 },
        "end": { "line": 34, "column": 42 }
      },
      "18": {
        "start": { "line": 35, "column": 5 },
        "end": { "line": 35, "column": 53 }
      }
    },
    "fnMap": {
      "0": {
        "name": "replaceInFile",
        "decl": {
          "start": { "line": 10, "column": 9 },
          "end": { "line": 10, "column": 22 }
        },
        "loc": {
          "start": { "line": 10, "column": 33 },
          "end": { "line": 22, "column": 1 }
        },
        "line": 10
      },
      "1": {
        "name": "walk",
        "decl": {
          "start": { "line": 24, "column": 9 },
          "end": { "line": 24, "column": 13 }
        },
        "loc": {
          "start": { "line": 24, "column": 19 },
          "end": { "line": 31, "column": 1 }
        },
        "line": 24
      }
    },
    "branchMap": {
      "0": {
        "loc": {
          "start": { "line": 18, "column": 2 },
          "end": { "line": 21, "column": 3 }
        },
        "type": "if",
        "locations": [
          {
            "start": { "line": 18, "column": 2 },
            "end": { "line": 21, "column": 3 }
          },
          { "start": {}, "end": {} }
        ],
        "line": 18
      },
      "1": {
        "loc": {
          "start": { "line": 28, "column": 4 },
          "end": { "line": 29, "column": 70 }
        },
        "type": "if",
        "locations": [
          {
            "start": { "line": 28, "column": 4 },
            "end": { "line": 29, "column": 70 }
          },
          {
            "start": { "line": 29, "column": 9 },
            "end": { "line": 29, "column": 70 }
          }
        ],
        "line": 28
      },
      "2": {
        "loc": {
          "start": { "line": 29, "column": 9 },
          "end": { "line": 29, "column": 70 }
        },
        "type": "if",
        "locations": [
          {
            "start": { "line": 29, "column": 9 },
            "end": { "line": 29, "column": 70 }
          },
          { "start": {}, "end": {} }
        ],
        "line": 29
      },
      "3": {
        "loc": {
          "start": { "line": 34, "column": 0 },
          "end": { "line": 35, "column": 53 }
        },
        "type": "if",
        "locations": [
          {
            "start": { "line": 34, "column": 0 },
            "end": { "line": 35, "column": 53 }
          },
          {
            "start": { "line": 35, "column": 5 },
            "end": { "line": 35, "column": 53 }
          }
        ],
        "line": 34
      }
    },
    "s": {
      "0": 0,
      "1": 0,
      "2": 0,
      "3": 0,
      "4": 0,
      "5": 0,
      "6": 0,
      "7": 0,
      "8": 0,
      "9": 0,
      "10": 0,
      "11": 0,
      "12": 0,
      "13": 0,
      "14": 0,
      "15": 0,
      "16": 0,
      "17": 0,
      "18": 0
    },
    "f": { "0": 0, "1": 0 },
    "b": { "0": [0, 0], "1": [0, 0], "2": [0, 0], "3": [0, 0] }
  },
  "/Users/kimbanseok/git/cheiftory_frontend/src/app/+not-found.tsx": {
    "path": "/Users/kimbanseok/git/cheiftory_frontend/src/app/+not-found.tsx",
    "statementMap": {
      "0": {
        "start": { "line": 5, "column": 2 },
        "end": { "line": 14, "column": 4 }
      },
      "1": {
        "start": { "line": 17, "column": 15 },
        "end": { "line": 30, "column": 2 }
      }
    },
    "fnMap": {
      "0": {
        "name": "NotFoundScreen",
        "decl": {
          "start": { "line": 4, "column": 24 },
          "end": { "line": 4, "column": 38 }
        },
        "loc": {
          "start": { "line": 4, "column": 41 },
          "end": { "line": 15, "column": 1 }
        },
        "line": 4
      }
    },
    "branchMap": {},
    "s": { "0": 0, "1": 0 },
    "f": { "0": 0 },
    "b": {}
  },
  "/Users/kimbanseok/git/cheiftory_frontend/src/app/_layout.tsx": {
    "path": "/Users/kimbanseok/git/cheiftory_frontend/src/app/_layout.tsx",
    "statementMap": {
      "0": {
        "start": { "line": 10, "column": 34 },
        "end": { "line": 10, "column": 43 }
      },
      "1": {
        "start": { "line": 11, "column": 17 },
        "end": { "line": 11, "column": 28 }
      },
      "2": {
        "start": { "line": 13, "column": 2 },
        "end": { "line": 21, "column": 28 }
      },
      "3": {
        "start": { "line": 14, "column": 4 },
        "end": { "line": 20, "column": 5 }
      },
      "4": {
        "start": { "line": 15, "column": 6 },
        "end": { "line": 19, "column": 7 }
      },
      "5": {
        "start": { "line": 16, "column": 8 },
        "end": { "line": 16, "column": 34 }
      },
      "6": {
        "start": { "line": 18, "column": 8 },
        "end": { "line": 18, "column": 38 }
      },
      "7": {
        "start": { "line": 23, "column": 2 },
        "end": { "line": 29, "column": 3 }
      },
      "8": {
        "start": { "line": 24, "column": 4 },
        "end": { "line": 28, "column": 6 }
      },
      "9": {
        "start": { "line": 31, "column": 2 },
        "end": { "line": 55, "column": 4 }
      },
      "10": {
        "start": { "line": 35, "column": 26 },
        "end": { "line": 35, "column": 46 }
      },
      "11": {
        "start": { "line": 59, "column": 2 },
        "end": { "line": 67, "column": 4 }
      }
    },
    "fnMap": {
      "0": {
        "name": "LayoutWithAuth",
        "decl": {
          "start": { "line": 9, "column": 9 },
          "end": { "line": 9, "column": 23 }
        },
        "loc": {
          "start": { "line": 9, "column": 26 },
          "end": { "line": 56, "column": 1 }
        },
        "line": 9
      },
      "1": {
        "name": "(anonymous_1)",
        "decl": {
          "start": { "line": 13, "column": 12 },
          "end": { "line": 13, "column": 13 }
        },
        "loc": {
          "start": { "line": 13, "column": 18 },
          "end": { "line": 21, "column": 3 }
        },
        "line": 13
      },
      "2": {
        "name": "(anonymous_2)",
        "decl": {
          "start": { "line": 35, "column": 20 },
          "end": { "line": 35, "column": 21 }
        },
        "loc": {
          "start": { "line": 35, "column": 26 },
          "end": { "line": 35, "column": 46 }
        },
        "line": 35
      },
      "3": {
        "name": "RootLayout",
        "decl": {
          "start": { "line": 58, "column": 24 },
          "end": { "line": 58, "column": 34 }
        },
        "loc": {
          "start": { "line": 58, "column": 37 },
          "end": { "line": 68, "column": 1 }
        },
        "line": 58
      }
    },
    "branchMap": {
      "0": {
        "loc": {
          "start": { "line": 14, "column": 4 },
          "end": { "line": 20, "column": 5 }
        },
        "type": "if",
        "locations": [
          {
            "start": { "line": 14, "column": 4 },
            "end": { "line": 20, "column": 5 }
          },
          { "start": {}, "end": {} }
        ],
        "line": 14
      },
      "1": {
        "loc": {
          "start": { "line": 15, "column": 6 },
          "end": { "line": 19, "column": 7 }
        },
        "type": "if",
        "locations": [
          {
            "start": { "line": 15, "column": 6 },
            "end": { "line": 19, "column": 7 }
          },
          {
            "start": { "line": 17, "column": 13 },
            "end": { "line": 19, "column": 7 }
          }
        ],
        "line": 15
      },
      "2": {
        "loc": {
          "start": { "line": 23, "column": 2 },
          "end": { "line": 29, "column": 3 }
        },
        "type": "if",
        "locations": [
          {
            "start": { "line": 23, "column": 2 },
            "end": { "line": 29, "column": 3 }
          },
          { "start": {}, "end": {} }
        ],
        "line": 23
      }
    },
    "s": {
      "0": 0,
      "1": 0,
      "2": 0,
      "3": 0,
      "4": 0,
      "5": 0,
      "6": 0,
      "7": 0,
      "8": 0,
      "9": 0,
      "10": 0,
      "11": 0
    },
    "f": { "0": 0, "1": 0, "2": 0, "3": 0 },
    "b": { "0": [0, 0], "1": [0, 0], "2": [0, 0] }
  },
  "/Users/kimbanseok/git/cheiftory_frontend/src/app/(tabs)/_layout.tsx": {
    "path": "/Users/kimbanseok/git/cheiftory_frontend/src/app/(tabs)/_layout.tsx",
    "statementMap": {
      "0": {
        "start": { "line": 6, "column": 2 },
        "end": { "line": 53, "column": 4 }
      },
      "1": {
        "start": { "line": 37, "column": 31 },
        "end": { "line": 37, "column": 45 }
      }
    },
    "fnMap": {
      "0": {
        "name": "TabLayout",
        "decl": {
          "start": { "line": 5, "column": 24 },
          "end": { "line": 5, "column": 33 }
        },
        "loc": {
          "start": { "line": 5, "column": 36 },
          "end": { "line": 54, "column": 1 }
        },
        "line": 5
      },
      "1": {
        "name": "(anonymous_1)",
        "decl": {
          "start": { "line": 37, "column": 25 },
          "end": { "line": 37, "column": 26 }
        },
        "loc": {
          "start": { "line": 37, "column": 31 },
          "end": { "line": 37, "column": 45 }
        },
        "line": 37
      }
    },
    "branchMap": {},
    "s": { "0": 0, "1": 0 },
    "f": { "0": 0, "1": 0 },
    "b": {}
  },
  "/Users/kimbanseok/git/cheiftory_frontend/src/app/(tabs)/index.tsx": {
    "path": "/Users/kimbanseok/git/cheiftory_frontend/src/app/(tabs)/index.tsx",
    "statementMap": {
      "0": {
        "start": { "line": 13, "column": 4 },
        "end": { "line": 13, "column": 31 }
      },
      "1": {
        "start": { "line": 14, "column": 17 },
        "end": { "line": 14, "column": 28 }
      },
      "2": {
        "start": { "line": 16, "column": 28 },
        "end": { "line": 34, "column": 3 }
      },
      "3": {
        "start": { "line": 19, "column": 4 },
        "end": { "line": 33, "column": 5 }
      },
      "4": {
        "start": { "line": 20, "column": 6 },
        "end": { "line": 23, "column": 9 }
      },
      "5": {
        "start": { "line": 24, "column": 11 },
        "end": { "line": 33, "column": 5 }
      },
      "6": {
        "start": { "line": 25, "column": 6 },
        "end": { "line": 32, "column": 9 }
      },
      "7": {
        "start": { "line": 36, "column": 2 },
        "end": { "line": 58, "column": 4 }
      },
      "8": {
        "start": { "line": 61, "column": 15 },
        "end": { "line": 72, "column": 2 }
      }
    },
    "fnMap": {
      "0": {
        "name": "HomeScreen",
        "decl": {
          "start": { "line": 11, "column": 24 },
          "end": { "line": 11, "column": 34 }
        },
        "loc": {
          "start": { "line": 11, "column": 37 },
          "end": { "line": 59, "column": 1 }
        },
        "line": 11
      },
      "1": {
        "name": "(anonymous_1)",
        "decl": {
          "start": { "line": 16, "column": 28 },
          "end": { "line": 16, "column": 29 }
        },
        "loc": {
          "start": { "line": 18, "column": 7 },
          "end": { "line": 34, "column": 3 }
        },
        "line": 18
      },
      "2": {
        "name": "(anonymous_2)",
        "decl": {
          "start": { "line": 47, "column": 28 },
          "end": { "line": 47, "column": 29 }
        },
        "loc": {
          "start": { "line": 47, "column": 34 },
          "end": { "line": 47, "column": 36 }
        },
        "line": 47
      },
      "3": {
        "name": "(anonymous_3)",
        "decl": {
          "start": { "line": 52, "column": 28 },
          "end": { "line": 52, "column": 29 }
        },
        "loc": {
          "start": { "line": 52, "column": 34 },
          "end": { "line": 52, "column": 36 }
        },
        "line": 52
      }
    },
    "branchMap": {
      "0": {
        "loc": {
          "start": { "line": 19, "column": 4 },
          "end": { "line": 33, "column": 5 }
        },
        "type": "if",
        "locations": [
          {
            "start": { "line": 19, "column": 4 },
            "end": { "line": 33, "column": 5 }
          },
          {
            "start": { "line": 24, "column": 11 },
            "end": { "line": 33, "column": 5 }
          }
        ],
        "line": 19
      },
      "1": {
        "loc": {
          "start": { "line": 24, "column": 11 },
          "end": { "line": 33, "column": 5 }
        },
        "type": "if",
        "locations": [
          {
            "start": { "line": 24, "column": 11 },
            "end": { "line": 33, "column": 5 }
          },
          { "start": {}, "end": {} }
        ],
        "line": 24
      }
    },
    "s": {
      "0": 0,
      "1": 0,
      "2": 0,
      "3": 0,
      "4": 0,
      "5": 0,
      "6": 0,
      "7": 0,
      "8": 0
    },
    "f": { "0": 0, "1": 0, "2": 0, "3": 0 },
    "b": { "0": [0, 0], "1": [0, 0] }
  },
  "/Users/kimbanseok/git/cheiftory_frontend/src/app/(tabs)/profile.tsx": {
    "path": "/Users/kimbanseok/git/cheiftory_frontend/src/app/(tabs)/profile.tsx",
    "statementMap": {
      "0": {
        "start": { "line": 8, "column": 17 },
        "end": { "line": 8, "column": 28 }
      },
      "1": {
        "start": { "line": 9, "column": 19 },
        "end": { "line": 9, "column": 28 }
      },
      "2": {
        "start": { "line": 11, "column": 30 },
        "end": { "line": 13, "column": 3 }
      },
      "3": {
        "start": { "line": 12, "column": 4 },
        "end": { "line": 12, "column": 38 }
      },
      "4": {
        "start": { "line": 15, "column": 2 },
        "end": { "line": 53, "column": 4 }
      },
      "5": {
        "start": { "line": 56, "column": 15 },
        "end": { "line": 124, "column": 2 }
      }
    },
    "fnMap": {
      "0": {
        "name": "ProfilePage",
        "decl": {
          "start": { "line": 7, "column": 24 },
          "end": { "line": 7, "column": 35 }
        },
        "loc": {
          "start": { "line": 7, "column": 38 },
          "end": { "line": 54, "column": 1 }
        },
        "line": 7
      },
      "1": {
        "name": "(anonymous_1)",
        "decl": {
          "start": { "line": 11, "column": 30 },
          "end": { "line": 11, "column": 31 }
        },
        "loc": {
          "start": { "line": 11, "column": 36 },
          "end": { "line": 13, "column": 3 }
        },
        "line": 11
      }
    },
    "branchMap": {
      "0": {
        "loc": {
          "start": { "line": 34, "column": 39 },
          "end": { "line": 34, "column": 58 }
        },
        "type": "binary-expr",
        "locations": [
          {
            "start": { "line": 34, "column": 39 },
            "end": { "line": 34, "column": 49 }
          },
          {
            "start": { "line": 34, "column": 53 },
            "end": { "line": 34, "column": 58 }
          }
        ],
        "line": 34
      },
      "1": {
        "loc": {
          "start": { "line": 35, "column": 40 },
          "end": { "line": 35, "column": 74 }
        },
        "type": "binary-expr",
        "locations": [
          {
            "start": { "line": 35, "column": 40 },
            "end": { "line": 35, "column": 51 }
          },
          {
            "start": { "line": 35, "column": 55 },
            "end": { "line": 35, "column": 74 }
          }
        ],
        "line": 35
      },
      "2": {
        "loc": {
          "start": { "line": 44, "column": 42 },
          "end": { "line": 44, "column": 61 }
        },
        "type": "binary-expr",
        "locations": [
          {
            "start": { "line": 44, "column": 42 },
            "end": { "line": 44, "column": 52 }
          },
          {
            "start": { "line": 44, "column": 56 },
            "end": { "line": 44, "column": 61 }
          }
        ],
        "line": 44
      },
      "3": {
        "loc": {
          "start": { "line": 49, "column": 42 },
          "end": { "line": 49, "column": 76 }
        },
        "type": "binary-expr",
        "locations": [
          {
            "start": { "line": 49, "column": 42 },
            "end": { "line": 49, "column": 53 }
          },
          {
            "start": { "line": 49, "column": 57 },
            "end": { "line": 49, "column": 76 }
          }
        ],
        "line": 49
      }
    },
    "s": { "0": 0, "1": 0, "2": 0, "3": 0, "4": 0, "5": 0 },
    "f": { "0": 0, "1": 0 },
    "b": { "0": [0, 0], "1": [0, 0], "2": [0, 0], "3": [0, 0] }
  },
  "/Users/kimbanseok/git/cheiftory_frontend/src/app/auth/login.tsx": {
    "path": "/Users/kimbanseok/git/cheiftory_frontend/src/app/auth/login.tsx",
    "statementMap": {
      "0": {
        "start": { "line": 8, "column": 2 },
        "end": { "line": 13, "column": 4 }
      },
      "1": {
        "start": { "line": 16, "column": 15 },
        "end": { "line": 29, "column": 2 }
      }
    },
    "fnMap": {
      "0": {
        "name": "LoginPage",
        "decl": {
          "start": { "line": 7, "column": 24 },
          "end": { "line": 7, "column": 33 }
        },
        "loc": {
          "start": { "line": 7, "column": 36 },
          "end": { "line": 14, "column": 1 }
        },
        "line": 7
      }
    },
    "branchMap": {},
    "s": { "0": 0, "1": 0 },
    "f": { "0": 0 },
    "b": {}
  },
  "/Users/kimbanseok/git/cheiftory_frontend/src/app/auth/signup.tsx": {
    "path": "/Users/kimbanseok/git/cheiftory_frontend/src/app/auth/signup.tsx",
    "statementMap": {
      "0": {
        "start": { "line": 9, "column": 34 },
        "end": { "line": 9, "column": 46 }
      },
      "1": {
        "start": { "line": 10, "column": 30 },
        "end": { "line": 10, "column": 51 }
      },
      "2": {
        "start": { "line": 11, "column": 32 },
        "end": { "line": 11, "column": 47 }
      },
      "3": {
        "start": { "line": 13, "column": 17 },
        "end": { "line": 13, "column": 28 }
      },
      "4": {
        "start": { "line": 14, "column": 30 },
        "end": { "line": 14, "column": 52 }
      },
      "5": {
        "start": { "line": 15, "column": 21 },
        "end": { "line": 15, "column": 30 }
      },
      "6": {
        "start": { "line": 17, "column": 23 },
        "end": { "line": 39, "column": 3 }
      },
      "7": {
        "start": { "line": 18, "column": 4 },
        "end": { "line": 21, "column": 5 }
      },
      "8": {
        "start": { "line": 19, "column": 6 },
        "end": { "line": 19, "column": 40 }
      },
      "9": {
        "start": { "line": 20, "column": 6 },
        "end": { "line": 20, "column": 13 }
      },
      "10": {
        "start": { "line": 23, "column": 4 },
        "end": { "line": 23, "column": 21 }
      },
      "11": {
        "start": { "line": 24, "column": 4 },
        "end": { "line": 38, "column": 5 }
      },
      "12": {
        "start": { "line": 25, "column": 6 },
        "end": { "line": 30, "column": 9 }
      },
      "13": {
        "start": { "line": 33, "column": 6 },
        "end": { "line": 33, "column": 32 }
      },
      "14": {
        "start": { "line": 35, "column": 6 },
        "end": { "line": 35, "column": 41 }
      },
      "15": {
        "start": { "line": 37, "column": 6 },
        "end": { "line": 37, "column": 24 }
      },
      "16": {
        "start": { "line": 41, "column": 23 },
        "end": { "line": 43, "column": 3 }
      },
      "17": {
        "start": { "line": 42, "column": 4 },
        "end": { "line": 42, "column": 18 }
      },
      "18": {
        "start": { "line": 45, "column": 2 },
        "end": { "line": 79, "column": 4 }
      },
      "19": {
        "start": { "line": 82, "column": 15 },
        "end": { "line": 138, "column": 2 }
      }
    },
    "fnMap": {
      "0": {
        "name": "SignupPage",
        "decl": {
          "start": { "line": 8, "column": 24 },
          "end": { "line": 8, "column": 34 }
        },
        "loc": {
          "start": { "line": 8, "column": 37 },
          "end": { "line": 80, "column": 1 }
        },
        "line": 8
      },
      "1": {
        "name": "(anonymous_1)",
        "decl": {
          "start": { "line": 17, "column": 23 },
          "end": { "line": 17, "column": 24 }
        },
        "loc": {
          "start": { "line": 17, "column": 35 },
          "end": { "line": 39, "column": 3 }
        },
        "line": 17
      },
      "2": {
        "name": "(anonymous_2)",
        "decl": {
          "start": { "line": 41, "column": 23 },
          "end": { "line": 41, "column": 24 }
        },
        "loc": {
          "start": { "line": 41, "column": 29 },
          "end": { "line": 43, "column": 3 }
        },
        "line": 41
      }
    },
    "branchMap": {
      "0": {
        "loc": {
          "start": { "line": 18, "column": 4 },
          "end": { "line": 21, "column": 5 }
        },
        "type": "if",
        "locations": [
          {
            "start": { "line": 18, "column": 4 },
            "end": { "line": 21, "column": 5 }
          },
          { "start": {}, "end": {} }
        ],
        "line": 18
      },
      "1": {
        "loc": {
          "start": { "line": 74, "column": 13 },
          "end": { "line": 74, "column": 41 }
        },
        "type": "cond-expr",
        "locations": [
          {
            "start": { "line": 74, "column": 23 },
            "end": { "line": 74, "column": 32 }
          },
          {
            "start": { "line": 74, "column": 35 },
            "end": { "line": 74, "column": 41 }
          }
        ],
        "line": 74
      }
    },
    "s": {
      "0": 0,
      "1": 0,
      "2": 0,
      "3": 0,
      "4": 0,
      "5": 0,
      "6": 0,
      "7": 0,
      "8": 0,
      "9": 0,
      "10": 0,
      "11": 0,
      "12": 0,
      "13": 0,
      "14": 0,
      "15": 0,
      "16": 0,
      "17": 0,
      "18": 0,
      "19": 0
    },
    "f": { "0": 0, "1": 0, "2": 0 },
    "b": { "0": [0, 0], "1": [0, 0] }
  },
  "/Users/kimbanseok/git/cheiftory_frontend/src/app/client/proxyserverClient.tsx": {
    "path": "/Users/kimbanseok/git/cheiftory_frontend/src/app/client/proxyserverClient.tsx",
    "statementMap": {
      "0": {
        "start": { "line": 3, "column": 26 },
        "end": { "line": 9, "column": 2 }
      }
    },
    "fnMap": {},
    "branchMap": {},
    "s": { "0": 0 },
    "f": {},
    "b": {}
  },
  "/Users/kimbanseok/git/cheiftory_frontend/src/app/recipe/create.tsx": {
    "path": "/Users/kimbanseok/git/cheiftory_frontend/src/app/recipe/create.tsx",
    "statementMap": {
      "0": {
        "start": { "line": 18, "column": 23 },
        "end": { "line": 20, "column": 6 }
      },
      "1": {
        "start": { "line": 22, "column": 17 },
        "end": { "line": 22, "column": 28 }
      },
      "2": {
        "start": { "line": 23, "column": 28 },
        "end": { "line": 23, "column": 68 }
      },
      "3": {
        "start": { "line": 24, "column": 52 },
        "end": { "line": 24, "column": 78 }
      },
      "4": {
        "start": { "line": 26, "column": 27 },
        "end": { "line": 26, "column": 53 }
      },
      "5": {
        "start": { "line": 27, "column": 19 },
        "end": { "line": 27, "column": 69 }
      },
      "6": {
        "start": { "line": 28, "column": 26 },
        "end": { "line": 28, "column": 53 }
      },
      "7": {
        "start": { "line": 30, "column": 2 },
        "end": { "line": 41, "column": 33 }
      },
      "8": {
        "start": { "line": 31, "column": 4 },
        "end": { "line": 40, "column": 5 }
      },
      "9": {
        "start": { "line": 32, "column": 20 },
        "end": { "line": 37, "column": 13 }
      },
      "10": {
        "start": { "line": 33, "column": 8 },
        "end": { "line": 36, "column": 11 }
      },
      "11": {
        "start": { "line": 39, "column": 6 },
        "end": { "line": 39, "column": 39 }
      },
      "12": {
        "start": { "line": 39, "column": 19 },
        "end": { "line": 39, "column": 38 }
      },
      "13": {
        "start": { "line": 43, "column": 2 },
        "end": { "line": 78, "column": 4 }
      },
      "14": {
        "start": { "line": 81, "column": 15 },
        "end": { "line": 93, "column": 2 }
      }
    },
    "fnMap": {
      "0": {
        "name": "RecipeCreateScreen",
        "decl": {
          "start": { "line": 17, "column": 24 },
          "end": { "line": 17, "column": 42 }
        },
        "loc": {
          "start": { "line": 17, "column": 45 },
          "end": { "line": 79, "column": 1 }
        },
        "line": 17
      },
      "1": {
        "name": "(anonymous_1)",
        "decl": {
          "start": { "line": 30, "column": 12 },
          "end": { "line": 30, "column": 13 }
        },
        "loc": {
          "start": { "line": 30, "column": 18 },
          "end": { "line": 41, "column": 3 }
        },
        "line": 30
      },
      "2": {
        "name": "(anonymous_2)",
        "decl": {
          "start": { "line": 32, "column": 31 },
          "end": { "line": 32, "column": 32 }
        },
        "loc": {
          "start": { "line": 32, "column": 37 },
          "end": { "line": 37, "column": 7 }
        },
        "line": 32
      },
      "3": {
        "name": "(anonymous_3)",
        "decl": {
          "start": { "line": 39, "column": 13 },
          "end": { "line": 39, "column": 14 }
        },
        "loc": {
          "start": { "line": 39, "column": 19 },
          "end": { "line": 39, "column": 38 }
        },
        "line": 39
      }
    },
    "branchMap": {
      "0": {
        "loc": {
          "start": { "line": 31, "column": 4 },
          "end": { "line": 40, "column": 5 }
        },
        "type": "if",
        "locations": [
          {
            "start": { "line": 31, "column": 4 },
            "end": { "line": 40, "column": 5 }
          },
          { "start": {}, "end": {} }
        ],
        "line": 31
      }
    },
    "s": {
      "0": 0,
      "1": 0,
      "2": 0,
      "3": 0,
      "4": 0,
      "5": 0,
      "6": 0,
      "7": 0,
      "8": 0,
      "9": 0,
      "10": 0,
      "11": 0,
      "12": 0,
      "13": 0,
      "14": 0
    },
    "f": { "0": 0, "1": 0, "2": 0, "3": 0 },
    "b": { "0": [0, 0] }
  },
  "/Users/kimbanseok/git/cheiftory_frontend/src/app/settings/settings.tsx": {
    "path": "/Users/kimbanseok/git/cheiftory_frontend/src/app/settings/settings.tsx",
    "statementMap": {
      "0": {
        "start": { "line": 8, "column": 17 },
        "end": { "line": 8, "column": 28 }
      },
      "1": {
        "start": { "line": 9, "column": 33 },
        "end": { "line": 9, "column": 42 }
      },
      "2": {
        "start": { "line": 11, "column": 23 },
        "end": { "line": 31, "column": 3 }
      },
      "3": {
        "start": { "line": 12, "column": 4 },
        "end": { "line": 30, "column": 6 }
      },
      "4": {
        "start": { "line": 21, "column": 12 },
        "end": { "line": 26, "column": 13 }
      },
      "5": {
        "start": { "line": 22, "column": 14 },
        "end": { "line": 22, "column": 29 }
      },
      "6": {
        "start": { "line": 23, "column": 14 },
        "end": { "line": 23, "column": 44 }
      },
      "7": {
        "start": { "line": 25, "column": 14 },
        "end": { "line": 25, "column": 49 }
      },
      "8": {
        "start": { "line": 33, "column": 30 },
        "end": { "line": 67, "column": 3 }
      },
      "9": {
        "start": { "line": 34, "column": 4 },
        "end": { "line": 66, "column": 6 }
      },
      "10": {
        "start": { "line": 44, "column": 12 },
        "end": { "line": 62, "column": 14 }
      },
      "11": {
        "start": { "line": 53, "column": 20 },
        "end": { "line": 58, "column": 21 }
      },
      "12": {
        "start": { "line": 54, "column": 22 },
        "end": { "line": 54, "column": 41 }
      },
      "13": {
        "start": { "line": 55, "column": 22 },
        "end": { "line": 55, "column": 52 }
      },
      "14": {
        "start": { "line": 57, "column": 22 },
        "end": { "line": 57, "column": 57 }
      },
      "15": {
        "start": { "line": 69, "column": 2 },
        "end": { "line": 113, "column": 4 }
      },
      "16": {
        "start": { "line": 76, "column": 12 },
        "end": { "line": 76, "column": 32 }
      },
      "17": {
        "start": { "line": 77, "column": 12 },
        "end": { "line": 77, "column": 26 }
      },
      "18": {
        "start": { "line": 116, "column": 15 },
        "end": { "line": 178, "column": 2 }
      }
    },
    "fnMap": {
      "0": {
        "name": "SettingsPage",
        "decl": {
          "start": { "line": 7, "column": 24 },
          "end": { "line": 7, "column": 36 }
        },
        "loc": {
          "start": { "line": 7, "column": 39 },
          "end": { "line": 114, "column": 1 }
        },
        "line": 7
      },
      "1": {
        "name": "(anonymous_1)",
        "decl": {
          "start": { "line": 11, "column": 23 },
          "end": { "line": 11, "column": 24 }
        },
        "loc": {
          "start": { "line": 11, "column": 35 },
          "end": { "line": 31, "column": 3 }
        },
        "line": 11
      },
      "2": {
        "name": "(anonymous_2)",
        "decl": {
          "start": { "line": 20, "column": 19 },
          "end": { "line": 20, "column": 20 }
        },
        "loc": {
          "start": { "line": 20, "column": 31 },
          "end": { "line": 27, "column": 11 }
        },
        "line": 20
      },
      "3": {
        "name": "(anonymous_3)",
        "decl": {
          "start": { "line": 33, "column": 30 },
          "end": { "line": 33, "column": 31 }
        },
        "loc": {
          "start": { "line": 33, "column": 42 },
          "end": { "line": 67, "column": 3 }
        },
        "line": 33
      },
      "4": {
        "name": "(anonymous_4)",
        "decl": {
          "start": { "line": 42, "column": 19 },
          "end": { "line": 42, "column": 20 }
        },
        "loc": {
          "start": { "line": 42, "column": 25 },
          "end": { "line": 63, "column": 11 }
        },
        "line": 42
      },
      "5": {
        "name": "(anonymous_5)",
        "decl": {
          "start": { "line": 52, "column": 27 },
          "end": { "line": 52, "column": 28 }
        },
        "loc": {
          "start": { "line": 52, "column": 39 },
          "end": { "line": 59, "column": 19 }
        },
        "line": 52
      },
      "6": {
        "name": "(anonymous_6)",
        "decl": {
          "start": { "line": 75, "column": 19 },
          "end": { "line": 75, "column": 20 }
        },
        "loc": {
          "start": { "line": 75, "column": 25 },
          "end": { "line": 78, "column": 11 }
        },
        "line": 75
      }
    },
    "branchMap": {},
    "s": {
      "0": 0,
      "1": 0,
      "2": 0,
      "3": 0,
      "4": 0,
      "5": 0,
      "6": 0,
      "7": 0,
      "8": 0,
      "9": 0,
      "10": 0,
      "11": 0,
      "12": 0,
      "13": 0,
      "14": 0,
      "15": 0,
      "16": 0,
      "17": 0,
      "18": 0
    },
    "f": { "0": 0, "1": 0, "2": 0, "3": 0, "4": 0, "5": 0, "6": 0 },
    "b": {}
  },
  "/Users/kimbanseok/git/cheiftory_frontend/src/context/auth/AuthContext.tsx": {
    "path": "/Users/kimbanseok/git/cheiftory_frontend/src/context/auth/AuthContext.tsx",
    "statementMap": {
      "0": {
        "start": { "line": 10, "column": 19 },
        "end": { "line": 10, "column": 44 }
      },
      "1": {
        "start": { "line": 11, "column": 20 },
        "end": { "line": 11, "column": 46 }
      },
      "2": {
        "start": { "line": 12, "column": 20 },
        "end": { "line": 12, "column": 40 }
      },
      "3": {
        "start": { "line": 13, "column": 25 },
        "end": { "line": 13, "column": 40 }
      },
      "4": {
        "start": { "line": 15, "column": 20 },
        "end": { "line": 15, "column": 63 }
      },
      "5": {
        "start": { "line": 21, "column": 44 },
        "end": { "line": 28, "column": 1 }
      },
      "6": {
        "start": { "line": 22, "column": 22 },
        "end": { "line": 22, "column": 45 }
      },
      "7": {
        "start": { "line": 23, "column": 2 },
        "end": { "line": 25, "column": 3 }
      },
      "8": {
        "start": { "line": 24, "column": 4 },
        "end": { "line": 24, "column": 16 }
      },
      "9": {
        "start": { "line": 26, "column": 19 },
        "end": { "line": 26, "column": 78 }
      },
      "10": {
        "start": { "line": 27, "column": 2 },
        "end": { "line": 27, "column": 23 }
      },
      "11": {
        "start": { "line": 30, "column": 28 },
        "end": { "line": 130, "column": 1 }
      },
      "12": {
        "start": { "line": 31, "column": 26 },
        "end": { "line": 31, "column": 53 }
      },
      "13": {
        "start": { "line": 32, "column": 40 },
        "end": { "line": 32, "column": 69 }
      },
      "14": {
        "start": { "line": 33, "column": 32 },
        "end": { "line": 33, "column": 46 }
      },
      "15": {
        "start": { "line": 36, "column": 2 },
        "end": { "line": 47, "column": 9 }
      },
      "16": {
        "start": { "line": 37, "column": 22 },
        "end": { "line": 45, "column": 5 }
      },
      "17": {
        "start": { "line": 38, "column": 20 },
        "end": { "line": 38, "column": 43 }
      },
      "18": {
        "start": { "line": 39, "column": 6 },
        "end": { "line": 41, "column": 7 }
      },
      "19": {
        "start": { "line": 40, "column": 8 },
        "end": { "line": 40, "column": 25 }
      },
      "20": {
        "start": { "line": 42, "column": 6 },
        "end": { "line": 42, "column": 28 }
      },
      "21": {
        "start": { "line": 43, "column": 6 },
        "end": { "line": 43, "column": 31 }
      },
      "22": {
        "start": { "line": 44, "column": 6 },
        "end": { "line": 44, "column": 24 }
      },
      "23": {
        "start": { "line": 46, "column": 4 },
        "end": { "line": 46, "column": 16 }
      },
      "24": {
        "start": { "line": 49, "column": 25 },
        "end": { "line": 53, "column": 3 }
      },
      "25": {
        "start": { "line": 50, "column": 4 },
        "end": { "line": 50, "column": 22 }
      },
      "26": {
        "start": { "line": 51, "column": 4 },
        "end": { "line": 51, "column": 18 }
      },
      "27": {
        "start": { "line": 52, "column": 4 },
        "end": { "line": 52, "column": 25 }
      },
      "28": {
        "start": { "line": 55, "column": 17 },
        "end": { "line": 67, "column": 3 }
      },
      "29": {
        "start": { "line": 56, "column": 4 },
        "end": { "line": 65, "column": 7 }
      },
      "30": {
        "start": { "line": 59, "column": 6 },
        "end": { "line": 64, "column": 7 }
      },
      "31": {
        "start": { "line": 60, "column": 26 },
        "end": { "line": 60, "column": 52 }
      },
      "32": {
        "start": { "line": 61, "column": 8 },
        "end": { "line": 61, "column": 31 }
      },
      "33": {
        "start": { "line": 62, "column": 8 },
        "end": { "line": 62, "column": 39 }
      },
      "34": {
        "start": { "line": 63, "column": 8 },
        "end": { "line": 63, "column": 43 }
      },
      "35": {
        "start": { "line": 66, "column": 4 },
        "end": { "line": 66, "column": 27 }
      },
      "36": {
        "start": { "line": 69, "column": 17 },
        "end": { "line": 88, "column": 3 }
      },
      "37": {
        "start": { "line": 70, "column": 4 },
        "end": { "line": 87, "column": 9 }
      },
      "38": {
        "start": { "line": 75, "column": 8 },
        "end": { "line": 75, "column": 45 }
      },
      "39": {
        "start": { "line": 76, "column": 8 },
        "end": { "line": 76, "column": 31 }
      },
      "40": {
        "start": { "line": 77, "column": 8 },
        "end": { "line": 77, "column": 68 }
      },
      "41": {
        "start": { "line": 80, "column": 8 },
        "end": { "line": 85, "column": 9 }
      },
      "42": {
        "start": { "line": 81, "column": 28 },
        "end": { "line": 81, "column": 54 }
      },
      "43": {
        "start": { "line": 82, "column": 10 },
        "end": { "line": 84, "column": 11 }
      },
      "44": {
        "start": { "line": 83, "column": 12 },
        "end": { "line": 83, "column": 45 }
      },
      "45": {
        "start": { "line": 86, "column": 8 },
        "end": { "line": 86, "column": 43 }
      },
      "46": {
        "start": { "line": 90, "column": 17 },
        "end": { "line": 103, "column": 3 }
      },
      "47": {
        "start": { "line": 91, "column": 6 },
        "end": { "line": 102, "column": 7 }
      },
      "48": {
        "start": { "line": 92, "column": 25 },
        "end": { "line": 93, "column": 38 }
      },
      "49": {
        "start": { "line": 95, "column": 8 },
        "end": { "line": 95, "column": 36 }
      },
      "50": {
        "start": { "line": 96, "column": 8 },
        "end": { "line": 96, "column": 50 }
      },
      "51": {
        "start": { "line": 97, "column": 8 },
        "end": { "line": 97, "column": 78 }
      },
      "52": {
        "start": { "line": 99, "column": 8 },
        "end": { "line": 101, "column": 9 }
      },
      "53": {
        "start": { "line": 100, "column": 10 },
        "end": { "line": 100, "column": 33 }
      },
      "54": {
        "start": { "line": 105, "column": 21 },
        "end": { "line": 112, "column": 3 }
      },
      "55": {
        "start": { "line": 106, "column": 4 },
        "end": { "line": 110, "column": 7 }
      },
      "56": {
        "start": { "line": 111, "column": 4 },
        "end": { "line": 111, "column": 27 }
      },
      "57": {
        "start": { "line": 114, "column": 2 },
        "end": { "line": 129, "column": 4 }
      },
      "58": {
        "start": { "line": 132, "column": 23 },
        "end": { "line": 136, "column": 1 }
      },
      "59": {
        "start": { "line": 133, "column": 16 },
        "end": { "line": 133, "column": 39 }
      },
      "60": {
        "start": { "line": 134, "column": 4 },
        "end": { "line": 134, "column": 74 }
      },
      "61": {
        "start": { "line": 134, "column": 14 },
        "end": { "line": 134, "column": 74 }
      },
      "62": {
        "start": { "line": 135, "column": 4 },
        "end": { "line": 135, "column": 15 }
      }
    },
    "fnMap": {
      "0": {
        "name": "(anonymous_0)",
        "decl": {
          "start": { "line": 21, "column": 44 },
          "end": { "line": 21, "column": 45 }
        },
        "loc": {
          "start": { "line": 21, "column": 54 },
          "end": { "line": 28, "column": 1 }
        },
        "line": 21
      },
      "1": {
        "name": "(anonymous_1)",
        "decl": {
          "start": { "line": 30, "column": 28 },
          "end": { "line": 30, "column": 29 }
        },
        "loc": {
          "start": { "line": 30, "column": 66 },
          "end": { "line": 130, "column": 1 }
        },
        "line": 30
      },
      "2": {
        "name": "(anonymous_2)",
        "decl": {
          "start": { "line": 36, "column": 12 },
          "end": { "line": 36, "column": 13 }
        },
        "loc": {
          "start": { "line": 36, "column": 18 },
          "end": { "line": 47, "column": 3 }
        },
        "line": 36
      },
      "3": {
        "name": "(anonymous_3)",
        "decl": {
          "start": { "line": 37, "column": 22 },
          "end": { "line": 37, "column": 23 }
        },
        "loc": {
          "start": { "line": 37, "column": 34 },
          "end": { "line": 45, "column": 5 }
        },
        "line": 37
      },
      "4": {
        "name": "(anonymous_4)",
        "decl": {
          "start": { "line": 49, "column": 25 },
          "end": { "line": 49, "column": 26 }
        },
        "loc": {
          "start": { "line": 49, "column": 37 },
          "end": { "line": 53, "column": 3 }
        },
        "line": 49
      },
      "5": {
        "name": "(anonymous_5)",
        "decl": {
          "start": { "line": 55, "column": 17 },
          "end": { "line": 55, "column": 18 }
        },
        "loc": {
          "start": { "line": 55, "column": 29 },
          "end": { "line": 67, "column": 3 }
        },
        "line": 55
      },
      "6": {
        "name": "(anonymous_6)",
        "decl": {
          "start": { "line": 58, "column": 11 },
          "end": { "line": 58, "column": 12 }
        },
        "loc": {
          "start": { "line": 58, "column": 16 },
          "end": { "line": 65, "column": 5 }
        },
        "line": 58
      },
      "7": {
        "name": "(anonymous_7)",
        "decl": {
          "start": { "line": 69, "column": 17 },
          "end": { "line": 69, "column": 18 }
        },
        "loc": {
          "start": { "line": 69, "column": 66 },
          "end": { "line": 88, "column": 3 }
        },
        "line": 69
      },
      "8": {
        "name": "(anonymous_8)",
        "decl": {
          "start": { "line": 74, "column": 12 },
          "end": { "line": 74, "column": 13 }
        },
        "loc": {
          "start": { "line": 74, "column": 24 },
          "end": { "line": 78, "column": 7 }
        },
        "line": 74
      },
      "9": {
        "name": "(anonymous_9)",
        "decl": {
          "start": { "line": 79, "column": 13 },
          "end": { "line": 79, "column": 14 }
        },
        "loc": {
          "start": { "line": 79, "column": 18 },
          "end": { "line": 87, "column": 7 }
        },
        "line": 79
      },
      "10": {
        "name": "(anonymous_10)",
        "decl": {
          "start": { "line": 90, "column": 17 },
          "end": { "line": 90, "column": 18 }
        },
        "loc": {
          "start": { "line": 90, "column": 51 },
          "end": { "line": 103, "column": 3 }
        },
        "line": 90
      },
      "11": {
        "name": "(anonymous_11)",
        "decl": {
          "start": { "line": 105, "column": 21 },
          "end": { "line": 105, "column": 22 }
        },
        "loc": {
          "start": { "line": 105, "column": 33 },
          "end": { "line": 112, "column": 3 }
        },
        "line": 105
      },
      "12": {
        "name": "(anonymous_12)",
        "decl": {
          "start": { "line": 132, "column": 23 },
          "end": { "line": 132, "column": 24 }
        },
        "loc": {
          "start": { "line": 132, "column": 29 },
          "end": { "line": 136, "column": 1 }
        },
        "line": 132
      }
    },
    "branchMap": {
      "0": {
        "loc": {
          "start": { "line": 23, "column": 2 },
          "end": { "line": 25, "column": 3 }
        },
        "type": "if",
        "locations": [
          {
            "start": { "line": 23, "column": 2 },
            "end": { "line": 25, "column": 3 }
          },
          { "start": {}, "end": {} }
        ],
        "line": 23
      },
      "1": {
        "loc": {
          "start": { "line": 39, "column": 6 },
          "end": { "line": 41, "column": 7 }
        },
        "type": "if",
        "locations": [
          {
            "start": { "line": 39, "column": 6 },
            "end": { "line": 41, "column": 7 }
          },
          { "start": {}, "end": {} }
        ],
        "line": 39
      },
      "2": {
        "loc": {
          "start": { "line": 59, "column": 6 },
          "end": { "line": 64, "column": 7 }
        },
        "type": "if",
        "locations": [
          {
            "start": { "line": 59, "column": 6 },
            "end": { "line": 64, "column": 7 }
          },
          { "start": {}, "end": {} }
        ],
        "line": 59
      },
      "3": {
        "loc": {
          "start": { "line": 80, "column": 8 },
          "end": { "line": 85, "column": 9 }
        },
        "type": "if",
        "locations": [
          {
            "start": { "line": 80, "column": 8 },
            "end": { "line": 85, "column": 9 }
          },
          { "start": {}, "end": {} }
        ],
        "line": 80
      },
      "4": {
        "loc": {
          "start": { "line": 82, "column": 10 },
          "end": { "line": 84, "column": 11 }
        },
        "type": "if",
        "locations": [
          {
            "start": { "line": 82, "column": 10 },
            "end": { "line": 84, "column": 11 }
          },
          { "start": {}, "end": {} }
        ],
        "line": 82
      },
      "5": {
        "loc": {
          "start": { "line": 82, "column": 13 },
          "end": { "line": 82, "column": 96 }
        },
        "type": "binary-expr",
        "locations": [
          {
            "start": { "line": 82, "column": 13 },
            "end": { "line": 82, "column": 56 }
          },
          {
            "start": { "line": 82, "column": 60 },
            "end": { "line": 82, "column": 96 }
          }
        ],
        "line": 82
      },
      "6": {
        "loc": {
          "start": { "line": 99, "column": 8 },
          "end": { "line": 101, "column": 9 }
        },
        "type": "if",
        "locations": [
          {
            "start": { "line": 99, "column": 8 },
            "end": { "line": 101, "column": 9 }
          },
          { "start": {}, "end": {} }
        ],
        "line": 99
      },
      "7": {
        "loc": {
          "start": { "line": 134, "column": 4 },
          "end": { "line": 134, "column": 74 }
        },
        "type": "if",
        "locations": [
          {
            "start": { "line": 134, "column": 4 },
            "end": { "line": 134, "column": 74 }
          },
          { "start": {}, "end": {} }
        ],
        "line": 134
      }
    },
    "s": {
      "0": 0,
      "1": 0,
      "2": 0,
      "3": 0,
      "4": 0,
      "5": 0,
      "6": 0,
      "7": 0,
      "8": 0,
      "9": 0,
      "10": 0,
      "11": 0,
      "12": 0,
      "13": 0,
      "14": 0,
      "15": 0,
      "16": 0,
      "17": 0,
      "18": 0,
      "19": 0,
      "20": 0,
      "21": 0,
      "22": 0,
      "23": 0,
      "24": 0,
      "25": 0,
      "26": 0,
      "27": 0,
      "28": 0,
      "29": 0,
      "30": 0,
      "31": 0,
      "32": 0,
      "33": 0,
      "34": 0,
      "35": 0,
      "36": 0,
      "37": 0,
      "38": 0,
      "39": 0,
      "40": 0,
      "41": 0,
      "42": 0,
      "43": 0,
      "44": 0,
      "45": 0,
      "46": 0,
      "47": 0,
      "48": 0,
      "49": 0,
      "50": 0,
      "51": 0,
      "52": 0,
      "53": 0,
      "54": 0,
      "55": 0,
      "56": 0,
      "57": 0,
      "58": 0,
      "59": 0,
      "60": 0,
      "61": 0,
      "62": 0
    },
    "f": {
      "0": 0,
      "1": 0,
      "2": 0,
      "3": 0,
      "4": 0,
      "5": 0,
      "6": 0,
      "7": 0,
      "8": 0,
      "9": 0,
      "10": 0,
      "11": 0,
      "12": 0
    },
    "b": {
      "0": [0, 0],
      "1": [0, 0],
      "2": [0, 0],
      "3": [0, 0],
      "4": [0, 0],
      "5": [0, 0],
      "6": [0, 0],
      "7": [0, 0]
    }
  },
  "/Users/kimbanseok/git/cheiftory_frontend/src/context/auth/storage/SecureStorage.tsx": {
    "path": "/Users/kimbanseok/git/cheiftory_frontend/src/context/auth/storage/SecureStorage.tsx",
    "statementMap": {
      "0": {
        "start": { "line": 5, "column": 25 },
        "end": { "line": 5, "column": 39 }
      },
      "1": {
        "start": { "line": 6, "column": 26 },
        "end": { "line": 6, "column": 41 }
      },
      "2": {
        "start": { "line": 8, "column": 61 },
        "end": { "line": 28, "column": 1 }
      },
      "3": {
        "start": { "line": 9, "column": 22 },
        "end": { "line": 9, "column": 57 }
      },
      "4": {
        "start": { "line": 10, "column": 4 },
        "end": { "line": 17, "column": 5 }
      },
      "5": {
        "start": { "line": 11, "column": 8 },
        "end": { "line": 16, "column": 9 }
      },
      "6": {
        "start": { "line": 12, "column": 10 },
        "end": { "line": 12, "column": 96 }
      },
      "7": {
        "start": { "line": 13, "column": 10 },
        "end": { "line": 13, "column": 29 }
      },
      "8": {
        "start": { "line": 15, "column": 10 },
        "end": { "line": 15, "column": 22 }
      },
      "9": {
        "start": { "line": 18, "column": 25 },
        "end": { "line": 18, "column": 63 }
      },
      "10": {
        "start": { "line": 19, "column": 4 },
        "end": { "line": 21, "column": 5 }
      },
      "11": {
        "start": { "line": 20, "column": 8 },
        "end": { "line": 20, "column": 20 }
      },
      "12": {
        "start": { "line": 22, "column": 4 },
        "end": { "line": 27, "column": 7 }
      },
      "13": {
        "start": { "line": 23, "column": 17 },
        "end": { "line": 23, "column": 37 }
      },
      "14": {
        "start": { "line": 25, "column": 8 },
        "end": { "line": 25, "column": 25 }
      },
      "15": {
        "start": { "line": 26, "column": 8 },
        "end": { "line": 26, "column": 20 }
      },
      "16": {
        "start": { "line": 30, "column": 53 },
        "end": { "line": 32, "column": 1 }
      },
      "17": {
        "start": { "line": 31, "column": 4 },
        "end": { "line": 31, "column": 50 }
      },
      "18": {
        "start": { "line": 34, "column": 32 },
        "end": { "line": 36, "column": 1 }
      },
      "19": {
        "start": { "line": 35, "column": 4 },
        "end": { "line": 35, "column": 66 }
      },
      "20": {
        "start": { "line": 38, "column": 33 },
        "end": { "line": 40, "column": 1 }
      },
      "21": {
        "start": { "line": 39, "column": 4 },
        "end": { "line": 39, "column": 67 }
      },
      "22": {
        "start": { "line": 42, "column": 30 },
        "end": { "line": 45, "column": 1 }
      },
      "23": {
        "start": { "line": 43, "column": 4 },
        "end": { "line": 43, "column": 40 }
      },
      "24": {
        "start": { "line": 44, "column": 4 },
        "end": { "line": 44, "column": 42 }
      },
      "25": {
        "start": { "line": 48, "column": 31 },
        "end": { "line": 51, "column": 1 }
      },
      "26": {
        "start": { "line": 49, "column": 4 },
        "end": { "line": 49, "column": 56 }
      },
      "27": {
        "start": { "line": 50, "column": 4 },
        "end": { "line": 50, "column": 57 }
      }
    },
    "fnMap": {
      "0": {
        "name": "(anonymous_0)",
        "decl": {
          "start": { "line": 8, "column": 61 },
          "end": { "line": 8, "column": 62 }
        },
        "loc": {
          "start": { "line": 8, "column": 71 },
          "end": { "line": 28, "column": 1 }
        },
        "line": 8
      },
      "1": {
        "name": "(anonymous_1)",
        "decl": {
          "start": { "line": 23, "column": 10 },
          "end": { "line": 23, "column": 11 }
        },
        "loc": {
          "start": { "line": 23, "column": 17 },
          "end": { "line": 23, "column": 37 }
        },
        "line": 23
      },
      "2": {
        "name": "(anonymous_2)",
        "decl": {
          "start": { "line": 24, "column": 11 },
          "end": { "line": 24, "column": 12 }
        },
        "loc": {
          "start": { "line": 24, "column": 18 },
          "end": { "line": 27, "column": 5 }
        },
        "line": 24
      },
      "3": {
        "name": "(anonymous_3)",
        "decl": {
          "start": { "line": 30, "column": 53 },
          "end": { "line": 30, "column": 54 }
        },
        "loc": {
          "start": { "line": 30, "column": 57 },
          "end": { "line": 32, "column": 1 }
        },
        "line": 30
      },
      "4": {
        "name": "(anonymous_4)",
        "decl": {
          "start": { "line": 34, "column": 32 },
          "end": { "line": 34, "column": 33 }
        },
        "loc": {
          "start": { "line": 34, "column": 63 },
          "end": { "line": 36, "column": 1 }
        },
        "line": 34
      },
      "5": {
        "name": "(anonymous_5)",
        "decl": {
          "start": { "line": 38, "column": 33 },
          "end": { "line": 38, "column": 34 }
        },
        "loc": {
          "start": { "line": 38, "column": 64 },
          "end": { "line": 40, "column": 1 }
        },
        "line": 38
      },
      "6": {
        "name": "(anonymous_6)",
        "decl": {
          "start": { "line": 42, "column": 30 },
          "end": { "line": 42, "column": 31 }
        },
        "loc": {
          "start": { "line": 42, "column": 83 },
          "end": { "line": 45, "column": 1 }
        },
        "line": 42
      },
      "7": {
        "name": "(anonymous_7)",
        "decl": {
          "start": { "line": 48, "column": 31 },
          "end": { "line": 48, "column": 32 }
        },
        "loc": {
          "start": { "line": 48, "column": 43 },
          "end": { "line": 51, "column": 1 }
        },
        "line": 48
      }
    },
    "branchMap": {
      "0": {
        "loc": {
          "start": { "line": 10, "column": 4 },
          "end": { "line": 17, "column": 5 }
        },
        "type": "if",
        "locations": [
          {
            "start": { "line": 10, "column": 4 },
            "end": { "line": 17, "column": 5 }
          },
          { "start": {}, "end": {} }
        ],
        "line": 10
      },
      "1": {
        "loc": {
          "start": { "line": 19, "column": 4 },
          "end": { "line": 21, "column": 5 }
        },
        "type": "if",
        "locations": [
          {
            "start": { "line": 19, "column": 4 },
            "end": { "line": 21, "column": 5 }
          },
          { "start": {}, "end": {} }
        ],
        "line": 19
      }
    },
    "s": {
      "0": 0,
      "1": 0,
      "2": 0,
      "3": 0,
      "4": 0,
      "5": 0,
      "6": 0,
      "7": 0,
      "8": 0,
      "9": 0,
      "10": 0,
      "11": 0,
      "12": 0,
      "13": 0,
      "14": 0,
      "15": 0,
      "16": 0,
      "17": 0,
      "18": 0,
      "19": 0,
      "20": 0,
      "21": 0,
      "22": 0,
      "23": 0,
      "24": 0,
      "25": 0,
      "26": 0,
      "27": 0
    },
    "f": { "0": 0, "1": 0, "2": 0, "3": 0, "4": 0, "5": 0, "6": 0, "7": 0 },
    "b": { "0": [0, 0], "1": [0, 0] }
  },
  "/Users/kimbanseok/git/cheiftory_frontend/src/modules/login/enums/Gender.ts": {
    "path": "/Users/kimbanseok/git/cheiftory_frontend/src/modules/login/enums/Gender.ts",
    "statementMap": {
      "0": {
        "start": { "line": 8, "column": 2 },
        "end": { "line": 15, "column": 3 }
      },
      "1": {
        "start": { "line": 10, "column": 6 },
        "end": { "line": 10, "column": 18 }
      },
      "2": {
        "start": { "line": 12, "column": 6 },
        "end": { "line": 12, "column": 18 }
      },
      "3": {
        "start": { "line": 14, "column": 6 },
        "end": { "line": 14, "column": 21 }
      },
      "4": {
        "start": { "line": 19, "column": 2 },
        "end": { "line": 26, "column": 3 }
      },
      "5": {
        "start": { "line": 21, "column": 6 },
        "end": { "line": 21, "column": 19 }
      },
      "6": {
        "start": { "line": 23, "column": 6 },
        "end": { "line": 23, "column": 21 }
      },
      "7": {
        "start": { "line": 25, "column": 6 },
        "end": { "line": 25, "column": 37 }
      }
    },
    "fnMap": {
      "0": {
        "name": "getGenderLabel",
        "decl": {
          "start": { "line": 7, "column": 16 },
          "end": { "line": 7, "column": 30 }
        },
        "loc": {
          "start": { "line": 7, "column": 47 },
          "end": { "line": 16, "column": 1 }
        },
        "line": 7
      },
      "1": {
        "name": "getGenderIconName",
        "decl": {
          "start": { "line": 18, "column": 16 },
          "end": { "line": 18, "column": 33 }
        },
        "loc": {
          "start": { "line": 18, "column": 50 },
          "end": { "line": 27, "column": 1 }
        },
        "line": 18
      }
    },
    "branchMap": {
      "0": {
        "loc": {
          "start": { "line": 8, "column": 2 },
          "end": { "line": 15, "column": 3 }
        },
        "type": "switch",
        "locations": [
          {
            "start": { "line": 9, "column": 4 },
            "end": { "line": 10, "column": 18 }
          },
          {
            "start": { "line": 11, "column": 4 },
            "end": { "line": 12, "column": 18 }
          },
          {
            "start": { "line": 13, "column": 4 },
            "end": { "line": 14, "column": 21 }
          }
        ],
        "line": 8
      },
      "1": {
        "loc": {
          "start": { "line": 19, "column": 2 },
          "end": { "line": 26, "column": 3 }
        },
        "type": "switch",
        "locations": [
          {
            "start": { "line": 20, "column": 4 },
            "end": { "line": 21, "column": 19 }
          },
          {
            "start": { "line": 22, "column": 4 },
            "end": { "line": 23, "column": 21 }
          },
          {
            "start": { "line": 24, "column": 4 },
            "end": { "line": 25, "column": 37 }
          }
        ],
        "line": 19
      }
    },
    "s": { "0": 0, "1": 0, "2": 0, "3": 0, "4": 0, "5": 0, "6": 0, "7": 0 },
    "f": { "0": 0, "1": 0 },
    "b": { "0": [0, 0, 0], "1": [0, 0, 0] }
  },
  "/Users/kimbanseok/git/cheiftory_frontend/src/modules/login/google/components/GenderOption.tsx": {
    "path": "/Users/kimbanseok/git/cheiftory_frontend/src/modules/login/google/components/GenderOption.tsx",
    "statementMap": {
      "0": {
        "start": { "line": 13, "column": 21 },
        "end": { "line": 20, "column": 2 }
      },
      "1": {
        "start": { "line": 14, "column": 14 },
        "end": { "line": 14, "column": 30 }
      },
      "2": {
        "start": { "line": 15, "column": 4 },
        "end": { "line": 19, "column": 5 }
      },
      "3": {
        "start": { "line": 22, "column": 29 },
        "end": { "line": 34, "column": 1 }
      },
      "4": {
        "start": { "line": 23, "column": 4 },
        "end": { "line": 23, "column": 30 }
      },
      "5": {
        "start": { "line": 24, "column": 4 },
        "end": { "line": 33, "column": 5 }
      },
      "6": {
        "start": { "line": 29, "column": 20 },
        "end": { "line": 29, "column": 137 }
      },
      "7": {
        "start": { "line": 36, "column": 21 },
        "end": { "line": 62, "column": 3 }
      },
      "8": {
        "start": { "line": 39, "column": 4 },
        "end": { "line": 61, "column": 23 }
      },
      "9": {
        "start": { "line": 44, "column": 21 },
        "end": { "line": 44, "column": 43 }
      },
      "10": {
        "start": { "line": 65, "column": 15 },
        "end": { "line": 104, "column": 2 }
      }
    },
    "fnMap": {
      "0": {
        "name": "(anonymous_0)",
        "decl": {
          "start": { "line": 13, "column": 47 },
          "end": { "line": 13, "column": 48 }
        },
        "loc": {
          "start": { "line": 13, "column": 57 },
          "end": { "line": 20, "column": 1 }
        },
        "line": 13
      },
      "1": {
        "name": "(anonymous_1)",
        "decl": {
          "start": { "line": 22, "column": 29 },
          "end": { "line": 22, "column": 30 }
        },
        "loc": {
          "start": { "line": 22, "column": 125 },
          "end": { "line": 34, "column": 1 }
        },
        "line": 22
      },
      "2": {
        "name": "(anonymous_2)",
        "decl": {
          "start": { "line": 28, "column": 34 },
          "end": { "line": 28, "column": 35 }
        },
        "loc": {
          "start": { "line": 29, "column": 20 },
          "end": { "line": 29, "column": 137 }
        },
        "line": 29
      },
      "3": {
        "name": "(anonymous_3)",
        "decl": {
          "start": { "line": 36, "column": 21 },
          "end": { "line": 36, "column": 22 }
        },
        "loc": {
          "start": { "line": 39, "column": 4 },
          "end": { "line": 61, "column": 23 }
        },
        "line": 39
      },
      "4": {
        "name": "(anonymous_4)",
        "decl": {
          "start": { "line": 44, "column": 15 },
          "end": { "line": 44, "column": 16 }
        },
        "loc": {
          "start": { "line": 44, "column": 21 },
          "end": { "line": 44, "column": 43 }
        },
        "line": 44
      }
    },
    "branchMap": {
      "0": {
        "loc": {
          "start": { "line": 42, "column": 8 },
          "end": { "line": 42, "column": 67 }
        },
        "type": "binary-expr",
        "locations": [
          {
            "start": { "line": 42, "column": 8 },
            "end": { "line": 42, "column": 38 }
          },
          {
            "start": { "line": 42, "column": 42 },
            "end": { "line": 42, "column": 67 }
          }
        ],
        "line": 42
      },
      "1": {
        "loc": {
          "start": { "line": 50, "column": 15 },
          "end": { "line": 50, "column": 66 }
        },
        "type": "cond-expr",
        "locations": [
          {
            "start": { "line": 50, "column": 48 },
            "end": { "line": 50, "column": 57 }
          },
          {
            "start": { "line": 50, "column": 60 },
            "end": { "line": 50, "column": 66 }
          }
        ],
        "line": 50
      },
      "2": {
        "loc": {
          "start": { "line": 54, "column": 8 },
          "end": { "line": 54, "column": 71 }
        },
        "type": "binary-expr",
        "locations": [
          {
            "start": { "line": 54, "column": 8 },
            "end": { "line": 54, "column": 38 }
          },
          {
            "start": { "line": 54, "column": 42 },
            "end": { "line": 54, "column": 71 }
          }
        ],
        "line": 54
      },
      "3": {
        "loc": {
          "start": { "line": 58, "column": 7 },
          "end": { "line": 60, "column": 7 }
        },
        "type": "binary-expr",
        "locations": [
          {
            "start": { "line": 58, "column": 7 },
            "end": { "line": 58, "column": 37 }
          },
          {
            "start": { "line": 59, "column": 8 },
            "end": { "line": 59, "column": 70 }
          }
        ],
        "line": 58
      }
    },
    "s": {
      "0": 0,
      "1": 0,
      "2": 0,
      "3": 0,
      "4": 0,
      "5": 0,
      "6": 0,
      "7": 0,
      "8": 0,
      "9": 0,
      "10": 0
    },
    "f": { "0": 0, "1": 0, "2": 0, "3": 0, "4": 0 },
    "b": { "0": [0, 0], "1": [0, 0], "2": [0, 0], "3": [0, 0] }
  },
  "/Users/kimbanseok/git/cheiftory_frontend/src/modules/login/google/components/GoogleLoginButton.tsx": {
    "path": "/Users/kimbanseok/git/cheiftory_frontend/src/modules/login/google/components/GoogleLoginButton.tsx",
    "statementMap": {
      "0": {
        "start": { "line": 6, "column": 0 },
        "end": { "line": 12, "column": 3 }
      },
      "1": {
        "start": { "line": 15, "column": 28 },
        "end": { "line": 15, "column": 37 }
      },
      "2": {
        "start": { "line": 16, "column": 17 },
        "end": { "line": 16, "column": 28 }
      },
      "3": {
        "start": { "line": 18, "column": 23 },
        "end": { "line": 64, "column": 3 }
      },
      "4": {
        "start": { "line": 19, "column": 4 },
        "end": { "line": 63, "column": 5 }
      },
      "5": {
        "start": { "line": 20, "column": 6 },
        "end": { "line": 20, "column": 43 }
      },
      "6": {
        "start": { "line": 21, "column": 23 },
        "end": { "line": 21, "column": 50 }
      },
      "7": {
        "start": { "line": 23, "column": 6 },
        "end": { "line": 60, "column": 7 }
      },
      "8": {
        "start": { "line": 24, "column": 26 },
        "end": { "line": 24, "column": 39 }
      },
      "9": {
        "start": { "line": 25, "column": 8 },
        "end": { "line": 57, "column": 9 }
      },
      "10": {
        "start": { "line": 26, "column": 12 },
        "end": { "line": 29, "column": 13 }
      },
      "11": {
        "start": { "line": 27, "column": 16 },
        "end": { "line": 27, "column": 75 }
      },
      "12": {
        "start": { "line": 28, "column": 16 },
        "end": { "line": 28, "column": 42 }
      },
      "13": {
        "start": { "line": 31, "column": 12 },
        "end": { "line": 56, "column": 15 }
      },
      "14": {
        "start": { "line": 33, "column": 16 },
        "end": { "line": 52, "column": 18 }
      },
      "15": {
        "start": { "line": 42, "column": 24 },
        "end": { "line": 48, "column": 27 }
      },
      "16": {
        "start": { "line": 54, "column": 16 },
        "end": { "line": 54, "column": 46 }
      },
      "17": {
        "start": { "line": 55, "column": 16 },
        "end": { "line": 55, "column": 50 }
      },
      "18": {
        "start": { "line": 59, "column": 8 },
        "end": { "line": 59, "column": 60 }
      },
      "19": {
        "start": { "line": 62, "column": 6 },
        "end": { "line": 62, "column": 50 }
      },
      "20": {
        "start": { "line": 66, "column": 2 },
        "end": { "line": 66, "column": 55 }
      }
    },
    "fnMap": {
      "0": {
        "name": "GoogleLoginButton",
        "decl": {
          "start": { "line": 14, "column": 24 },
          "end": { "line": 14, "column": 41 }
        },
        "loc": {
          "start": { "line": 14, "column": 44 },
          "end": { "line": 67, "column": 1 }
        },
        "line": 14
      },
      "1": {
        "name": "(anonymous_1)",
        "decl": {
          "start": { "line": 18, "column": 23 },
          "end": { "line": 18, "column": 24 }
        },
        "loc": {
          "start": { "line": 18, "column": 35 },
          "end": { "line": 64, "column": 3 }
        },
        "line": 18
      },
      "2": {
        "name": "(anonymous_2)",
        "decl": {
          "start": { "line": 40, "column": 31 },
          "end": { "line": 40, "column": 32 }
        },
        "loc": {
          "start": { "line": 40, "column": 37 },
          "end": { "line": 49, "column": 23 }
        },
        "line": 40
      }
    },
    "branchMap": {
      "0": {
        "loc": {
          "start": { "line": 23, "column": 6 },
          "end": { "line": 60, "column": 7 }
        },
        "type": "if",
        "locations": [
          {
            "start": { "line": 23, "column": 6 },
            "end": { "line": 60, "column": 7 }
          },
          {
            "start": { "line": 58, "column": 13 },
            "end": { "line": 60, "column": 7 }
          }
        ],
        "line": 23
      },
      "1": {
        "loc": {
          "start": { "line": 26, "column": 12 },
          "end": { "line": 29, "column": 13 }
        },
        "type": "if",
        "locations": [
          {
            "start": { "line": 26, "column": 12 },
            "end": { "line": 29, "column": 13 }
          },
          { "start": {}, "end": {} }
        ],
        "line": 26
      },
      "2": {
        "loc": {
          "start": { "line": 31, "column": 12 },
          "end": { "line": 56, "column": 15 }
        },
        "type": "if",
        "locations": [
          {
            "start": { "line": 31, "column": 12 },
            "end": { "line": 56, "column": 15 }
          },
          {
            "start": { "line": 53, "column": 21 },
            "end": { "line": 56, "column": 15 }
          }
        ],
        "line": 31
      },
      "3": {
        "loc": {
          "start": { "line": 31, "column": 16 },
          "end": { "line": 31, "column": 72 }
        },
        "type": "binary-expr",
        "locations": [
          {
            "start": { "line": 31, "column": 16 },
            "end": { "line": 31, "column": 36 }
          },
          {
            "start": { "line": 31, "column": 40 },
            "end": { "line": 31, "column": 72 }
          }
        ],
        "line": 31
      }
    },
    "s": {
      "0": 0,
      "1": 0,
      "2": 0,
      "3": 0,
      "4": 0,
      "5": 0,
      "6": 0,
      "7": 0,
      "8": 0,
      "9": 0,
      "10": 0,
      "11": 0,
      "12": 0,
      "13": 0,
      "14": 0,
      "15": 0,
      "16": 0,
      "17": 0,
      "18": 0,
      "19": 0,
      "20": 0
    },
    "f": { "0": 0, "1": 0, "2": 0 },
    "b": { "0": [0, 0], "1": [0, 0], "2": [0, 0], "3": [0, 0] }
  },
  "/Users/kimbanseok/git/cheiftory_frontend/src/modules/recipe/create/api/Api.ts": {
    "path": "/Users/kimbanseok/git/cheiftory_frontend/src/modules/recipe/create/api/Api.ts",
    "statementMap": {
      "0": {
        "start": { "line": 12, "column": 25 },
        "end": { "line": 12, "column": 50 }
      },
      "1": {
        "start": { "line": 17, "column": 2 },
        "end": { "line": 26, "column": 5 }
      },
      "2": {
        "start": { "line": 18, "column": 4 },
        "end": { "line": 25, "column": 13 }
      },
      "3": {
        "start": { "line": 19, "column": 23 },
        "end": { "line": 19, "column": 42 }
      },
      "4": {
        "start": { "line": 20, "column": 6 },
        "end": { "line": 24, "column": 7 }
      },
      "5": {
        "start": { "line": 21, "column": 8 },
        "end": { "line": 21, "column": 45 }
      },
      "6": {
        "start": { "line": 23, "column": 8 },
        "end": { "line": 23, "column": 30 }
      },
      "7": {
        "start": { "line": 32, "column": 2 },
        "end": { "line": 61, "column": 5 }
      },
      "8": {
        "start": { "line": 33, "column": 4 },
        "end": { "line": 60, "column": 12 }
      },
      "9": {
        "start": { "line": 34, "column": 6 },
        "end": { "line": 59, "column": 7 }
      },
      "10": {
        "start": { "line": 35, "column": 8 },
        "end": { "line": 37, "column": 9 }
      },
      "11": {
        "start": { "line": 36, "column": 10 },
        "end": { "line": 36, "column": 53 }
      },
      "12": {
        "start": { "line": 39, "column": 26 },
        "end": { "line": 39, "column": 57 }
      },
      "13": {
        "start": { "line": 40, "column": 31 },
        "end": { "line": 40, "column": 62 }
      },
      "14": {
        "start": { "line": 43, "column": 8 },
        "end": { "line": 54, "column": 9 }
      },
      "15": {
        "start": { "line": 44, "column": 10 },
        "end": { "line": 44, "column": 53 }
      },
      "16": {
        "start": { "line": 45, "column": 15 },
        "end": { "line": 54, "column": 9 }
      },
      "17": {
        "start": { "line": 46, "column": 10 },
        "end": { "line": 46, "column": 59 }
      },
      "18": {
        "start": { "line": 47, "column": 15 },
        "end": { "line": 54, "column": 9 }
      },
      "19": {
        "start": { "line": 48, "column": 10 },
        "end": { "line": 48, "column": 61 }
      },
      "20": {
        "start": { "line": 49, "column": 15 },
        "end": { "line": 54, "column": 9 }
      },
      "21": {
        "start": { "line": 50, "column": 10 },
        "end": { "line": 50, "column": 48 }
      },
      "22": {
        "start": { "line": 52, "column": 10 },
        "end": { "line": 52, "column": 44 }
      },
      "23": {
        "start": { "line": 53, "column": 10 },
        "end": { "line": 53, "column": 53 }
      },
      "24": {
        "start": { "line": 56, "column": 8 },
        "end": { "line": 56, "column": 28 }
      },
      "25": {
        "start": { "line": 58, "column": 8 },
        "end": { "line": 58, "column": 54 }
      }
    },
    "fnMap": {
      "0": {
        "name": "createRecipe",
        "decl": {
          "start": { "line": 14, "column": 22 },
          "end": { "line": 14, "column": 34 }
        },
        "loc": {
          "start": { "line": 16, "column": 36 },
          "end": { "line": 27, "column": 1 }
        },
        "line": 16
      },
      "1": {
        "name": "(anonymous_1)",
        "decl": {
          "start": { "line": 17, "column": 21 },
          "end": { "line": 17, "column": 22 }
        },
        "loc": {
          "start": { "line": 17, "column": 42 },
          "end": { "line": 26, "column": 3 }
        },
        "line": 17
      },
      "2": {
        "name": "(anonymous_2)",
        "decl": {
          "start": { "line": 18, "column": 15 },
          "end": { "line": 18, "column": 16 }
        },
        "loc": {
          "start": { "line": 18, "column": 21 },
          "end": { "line": 25, "column": 5 }
        },
        "line": 18
      },
      "3": {
        "name": "fetchRecipeCreateStatus",
        "decl": {
          "start": { "line": 29, "column": 22 },
          "end": { "line": 29, "column": 45 }
        },
        "loc": {
          "start": { "line": 31, "column": 42 },
          "end": { "line": 62, "column": 1 }
        },
        "line": 31
      },
      "4": {
        "name": "(anonymous_4)",
        "decl": {
          "start": { "line": 32, "column": 21 },
          "end": { "line": 32, "column": 22 }
        },
        "loc": {
          "start": { "line": 32, "column": 42 },
          "end": { "line": 61, "column": 3 }
        },
        "line": 32
      },
      "5": {
        "name": "(anonymous_5)",
        "decl": {
          "start": { "line": 33, "column": 15 },
          "end": { "line": 33, "column": 16 }
        },
        "loc": {
          "start": { "line": 33, "column": 21 },
          "end": { "line": 60, "column": 5 }
        },
        "line": 33
      }
    },
    "branchMap": {
      "0": {
        "loc": {
          "start": { "line": 20, "column": 6 },
          "end": { "line": 24, "column": 7 }
        },
        "type": "if",
        "locations": [
          {
            "start": { "line": 20, "column": 6 },
            "end": { "line": 24, "column": 7 }
          },
          {
            "start": { "line": 22, "column": 13 },
            "end": { "line": 24, "column": 7 }
          }
        ],
        "line": 20
      },
      "1": {
        "loc": {
          "start": { "line": 35, "column": 8 },
          "end": { "line": 37, "column": 9 }
        },
        "type": "if",
        "locations": [
          {
            "start": { "line": 35, "column": 8 },
            "end": { "line": 37, "column": 9 }
          },
          { "start": {}, "end": {} }
        ],
        "line": 35
      },
      "2": {
        "loc": {
          "start": { "line": 43, "column": 8 },
          "end": { "line": 54, "column": 9 }
        },
        "type": "if",
        "locations": [
          {
            "start": { "line": 43, "column": 8 },
            "end": { "line": 54, "column": 9 }
          },
          {
            "start": { "line": 45, "column": 15 },
            "end": { "line": 54, "column": 9 }
          }
        ],
        "line": 43
      },
      "3": {
        "loc": {
          "start": { "line": 45, "column": 15 },
          "end": { "line": 54, "column": 9 }
        },
        "type": "if",
        "locations": [
          {
            "start": { "line": 45, "column": 15 },
            "end": { "line": 54, "column": 9 }
          },
          {
            "start": { "line": 47, "column": 15 },
            "end": { "line": 54, "column": 9 }
          }
        ],
        "line": 45
      },
      "4": {
        "loc": {
          "start": { "line": 47, "column": 15 },
          "end": { "line": 54, "column": 9 }
        },
        "type": "if",
        "locations": [
          {
            "start": { "line": 47, "column": 15 },
            "end": { "line": 54, "column": 9 }
          },
          {
            "start": { "line": 49, "column": 15 },
            "end": { "line": 54, "column": 9 }
          }
        ],
        "line": 47
      },
      "5": {
        "loc": {
          "start": { "line": 49, "column": 15 },
          "end": { "line": 54, "column": 9 }
        },
        "type": "if",
        "locations": [
          {
            "start": { "line": 49, "column": 15 },
            "end": { "line": 54, "column": 9 }
          },
          {
            "start": { "line": 51, "column": 15 },
            "end": { "line": 54, "column": 9 }
          }
        ],
        "line": 49
      }
    },
    "s": {
      "0": 0,
      "1": 0,
      "2": 0,
      "3": 0,
      "4": 0,
      "5": 0,
      "6": 0,
      "7": 0,
      "8": 0,
      "9": 0,
[...]
            "end": { "line": 16, "column": 14 }
          },
          {
            "start": { "line": 17, "column": 8 },
            "end": { "line": 19, "column": 27 }
          }
        ],
        "line": 16
      }
    },
    "s": { "0": 0, "1": 0 },
    "f": { "0": 0 },
    "b": { "0": [0, 0] }
  },
  "/Users/kimbanseok/git/cheiftory_frontend/src/modules/recipe/summary/viewmodels/useViewModel.ts": {
    "path": "/Users/kimbanseok/git/cheiftory_frontend/src/modules/recipe/summary/viewmodels/useViewModel.ts",
    "statementMap": {
      "0": {
        "start": { "line": 12, "column": 46 },
        "end": { "line": 14, "column": 3 }
      },
      "1": {
        "start": { "line": 15, "column": 44 },
        "end": { "line": 15, "column": 79 }
      },
      "2": {
        "start": { "line": 16, "column": 32 },
        "end": { "line": 16, "column": 46 }
      },
      "3": {
        "start": { "line": 17, "column": 28 },
        "end": { "line": 17, "column": 56 }
      },
      "4": {
        "start": { "line": 19, "column": 2 },
        "end": { "line": 38, "column": 9 }
      },
      "5": {
        "start": { "line": 20, "column": 25 },
        "end": { "line": 35, "column": 5 }
      },
      "6": {
        "start": { "line": 21, "column": 6 },
        "end": { "line": 34, "column": 7 }
      },
      "7": {
        "start": { "line": 22, "column": 21 },
        "end": { "line": 22, "column": 47 }
      },
      "8": {
        "start": { "line": 23, "column": 8 },
        "end": { "line": 25, "column": 10 }
      },
      "9": {
        "start": { "line": 24, "column": 39 },
        "end": { "line": 24, "column": 74 }
      },
      "10": {
        "start": { "line": 26, "column": 8 },
        "end": { "line": 28, "column": 10 }
      },
      "11": {
        "start": { "line": 27, "column": 38 },
        "end": { "line": 27, "column": 72 }
      },
      "12": {
        "start": { "line": 30, "column": 8 },
        "end": { "line": 30, "column": 33 }
      },
      "13": {
        "start": { "line": 31, "column": 8 },
        "end": { "line": 31, "column": 30 }
      },
      "14": {
        "start": { "line": 33, "column": 8 },
        "end": { "line": 33, "column": 26 }
      },
      "15": {
        "start": { "line": 37, "column": 4 },
        "end": { "line": 37, "column": 24 }
      },
      "16": {
        "start": { "line": 40, "column": 2 },
        "end": { "line": 45, "column": 4 }
      }
    },
    "fnMap": {
      "0": {
        "name": "useRecipeSummaryViewModel",
        "decl": {
          "start": { "line": 6, "column": 16 },
          "end": { "line": 6, "column": 41 }
        },
        "loc": {
          "start": { "line": 11, "column": 2 },
          "end": { "line": 46, "column": 1 }
        },
        "line": 11
      },
      "1": {
        "name": "(anonymous_1)",
        "decl": {
          "start": { "line": 19, "column": 12 },
          "end": { "line": 19, "column": 13 }
        },
        "loc": {
          "start": { "line": 19, "column": 18 },
          "end": { "line": 38, "column": 3 }
        },
        "line": 19
      },
      "2": {
        "name": "(anonymous_2)",
        "decl": {
          "start": { "line": 20, "column": 25 },
          "end": { "line": 20, "column": 26 }
        },
        "loc": {
          "start": { "line": 20, "column": 37 },
          "end": { "line": 35, "column": 5 }
        },
        "line": 20
      },
      "3": {
        "name": "(anonymous_3)",
        "decl": {
          "start": { "line": 24, "column": 27 },
          "end": { "line": 24, "column": 28 }
        },
        "loc": {
          "start": { "line": 24, "column": 39 },
          "end": { "line": 24, "column": 74 }
        },
        "line": 24
      },
      "4": {
        "name": "(anonymous_4)",
        "decl": {
          "start": { "line": 27, "column": 26 },
          "end": { "line": 27, "column": 27 }
        },
        "loc": {
          "start": { "line": 27, "column": 38 },
          "end": { "line": 27, "column": 72 }
        },
        "line": 27
      }
    },
    "branchMap": {},
    "s": {
      "0": 0,
      "1": 0,
      "2": 0,
      "3": 0,
      "4": 0,
      "5": 0,
      "6": 0,
      "7": 0,
      "8": 0,
      "9": 0,
      "10": 0,
      "11": 0,
      "12": 0,
      "13": 0,
      "14": 0,
      "15": 0,
      "16": 0
    },
    "f": { "0": 0, "1": 0, "2": 0, "3": 0, "4": 0 },
    "b": {}
  },
  "/Users/kimbanseok/git/cheiftory_frontend/src/modules/shared/components/layout/CustomBackButton.tsx": {
    "path": "/Users/kimbanseok/git/cheiftory_frontend/src/modules/shared/components/layout/CustomBackButton.tsx",
    "statementMap": {
      "0": {
        "start": { "line": 10, "column": 17 },
        "end": { "line": 10, "column": 28 }
      },
      "1": {
        "start": { "line": 12, "column": 2 },
        "end": { "line": 19, "column": 4 }
      },
      "2": {
        "start": { "line": 15, "column": 41 },
        "end": { "line": 15, "column": 54 }
      }
    },
    "fnMap": {
      "0": {
        "name": "CustomBackButton",
        "decl": {
          "start": { "line": 9, "column": 16 },
          "end": { "line": 9, "column": 32 }
        },
        "loc": {
          "start": { "line": 9, "column": 53 },
          "end": { "line": 20, "column": 1 }
        },
        "line": 9
      },
      "1": {
        "name": "(anonymous_1)",
        "decl": {
          "start": { "line": 15, "column": 35 },
          "end": { "line": 15, "column": 36 }
        },
        "loc": {
          "start": { "line": 15, "column": 41 },
          "end": { "line": 15, "column": 54 }
        },
        "line": 15
      }
    },
    "branchMap": {
      "0": {
        "loc": {
          "start": { "line": 15, "column": 15 },
          "end": { "line": 15, "column": 54 }
        },
        "type": "cond-expr",
        "locations": [
          {
            "start": { "line": 15, "column": 25 },
            "end": { "line": 15, "column": 32 }
          },
          {
            "start": { "line": 15, "column": 35 },
            "end": { "line": 15, "column": 54 }
          }
        ],
        "line": 15
      }
    },
    "s": { "0": 0, "1": 0, "2": 0 },
    "f": { "0": 0, "1": 0 },
    "b": { "0": [0, 0] }
  },
  "/Users/kimbanseok/git/cheiftory_frontend/src/modules/shared/components/layout/FloatingButton.tsx": {
    "path": "/Users/kimbanseok/git/cheiftory_frontend/src/modules/shared/components/layout/FloatingButton.tsx",
    "statementMap": {
      "0": {
        "start": { "line": 9, "column": 19 },
        "end": { "line": 9, "column": 49 }
      },
      "1": {
        "start": { "line": 10, "column": 34 },
        "end": { "line": 10, "column": 46 }
      },
      "2": {
        "start": { "line": 11, "column": 39 },
        "end": { "line": 11, "column": 73 }
      },
      "3": {
        "start": { "line": 13, "column": 17 },
        "end": { "line": 13, "column": 28 }
      },
      "4": {
        "start": { "line": 15, "column": 26 },
        "end": { "line": 17, "column": 3 }
      },
      "5": {
        "start": { "line": 16, "column": 4 },
        "end": { "line": 16, "column": 32 }
      },
      "6": {
        "start": { "line": 19, "column": 2 },
        "end": { "line": 28, "column": 26 }
      },
      "7": {
        "start": { "line": 20, "column": 4 },
        "end": { "line": 27, "column": 5 }
      },
      "8": {
        "start": { "line": 21, "column": 6 },
        "end": { "line": 21, "column": 34 }
      },
      "9": {
        "start": { "line": 22, "column": 6 },
        "end": { "line": 25, "column": 9 }
      },
      "10": {
        "start": { "line": 26, "column": 6 },
        "end": { "line": 26, "column": 22 }
      },
      "11": {
        "start": { "line": 30, "column": 23 },
        "end": { "line": 32, "column": 3 }
      },
      "12": {
        "start": { "line": 31, "column": 4 },
        "end": { "line": 31, "column": 26 }
      },
      "13": {
        "start": { "line": 34, "column": 2 },
        "end": { "line": 54, "column": 4 }
      },
      "14": {
        "start": { "line": 57, "column": 15 },
        "end": { "line": 94, "column": 2 }
      }
    },
    "fnMap": {
      "0": {
        "name": "FloatingButton",
        "decl": {
          "start": { "line": 8, "column": 16 },
          "end": { "line": 8, "column": 30 }
        },
        "loc": {
          "start": { "line": 8, "column": 33 },
          "end": { "line": 55, "column": 1 }
        },
        "line": 8
      },
      "1": {
        "name": "(anonymous_1)",
        "decl": {
          "start": { "line": 15, "column": 26 },
          "end": { "line": 15, "column": 27 }
        },
        "loc": {
          "start": { "line": 15, "column": 32 },
          "end": { "line": 17, "column": 3 }
        },
        "line": 15
      },
      "2": {
        "name": "(anonymous_2)",
        "decl": {
          "start": { "line": 19, "column": 12 },
          "end": { "line": 19, "column": 13 }
        },
        "loc": {
          "start": { "line": 19, "column": 18 },
          "end": { "line": 28, "column": 3 }
        },
        "line": 19
      },
      "3": {
        "name": "(anonymous_3)",
        "decl": {
          "start": { "line": 30, "column": 23 },
          "end": { "line": 30, "column": 24 }
        },
        "loc": {
          "start": { "line": 30, "column": 45 },
          "end": { "line": 32, "column": 3 }
        },
        "line": 30
      }
    },
    "branchMap": {
      "0": {
        "loc": {
          "start": { "line": 20, "column": 4 },
          "end": { "line": 27, "column": 5 }
        },
        "type": "if",
        "locations": [
          {
            "start": { "line": 20, "column": 4 },
            "end": { "line": 27, "column": 5 }
          },
          { "start": {}, "end": {} }
        ],
        "line": 20
      },
      "1": {
        "loc": {
          "start": { "line": 20, "column": 8 },
          "end": { "line": 20, "column": 28 }
        },
        "type": "binary-expr",
        "locations": [
          {
            "start": { "line": 20, "column": 8 },
            "end": { "line": 20, "column": 16 }
          },
          {
            "start": { "line": 20, "column": 20 },
            "end": { "line": 20, "column": 28 }
          }
        ],
        "line": 20
      }
    },
    "s": {
      "0": 0,
      "1": 0,
      "2": 0,
      "3": 0,
      "4": 0,
      "5": 0,
      "6": 0,
      "7": 0,
      "8": 0,
      "9": 0,
      "10": 0,
      "11": 0,
      "12": 0,
      "13": 0,
      "14": 0
    },
    "f": { "0": 0, "1": 0, "2": 0, "3": 0 },
    "b": { "0": [0, 0], "1": [0, 0] }
  },
  "/Users/kimbanseok/git/cheiftory_frontend/src/modules/shared/components/layout/HomeHeader.tsx": {
    "path": "/Users/kimbanseok/git/cheiftory_frontend/src/modules/shared/components/layout/HomeHeader.tsx",
    "statementMap": {
      "0": {
        "start": { "line": 5, "column": 2 },
        "end": { "line": 10, "column": 4 }
      },
      "1": {
        "start": { "line": 13, "column": 15 },
        "end": { "line": 24, "column": 2 }
      }
    },
    "fnMap": {
      "0": {
        "name": "HomeHeader",
        "decl": {
          "start": { "line": 4, "column": 16 },
          "end": { "line": 4, "column": 26 }
        },
        "loc": {
          "start": { "line": 4, "column": 29 },
          "end": { "line": 11, "column": 1 }
        },
        "line": 4
      }
    },
    "branchMap": {},
    "s": { "0": 0, "1": 0 },
    "f": { "0": 0 },
    "b": {}
  },
  "/Users/kimbanseok/git/cheiftory_frontend/src/modules/shared/components/layout/HomeSectionHeader.tsx": {
    "path": "/Users/kimbanseok/git/cheiftory_frontend/src/modules/shared/components/layout/HomeSectionHeader.tsx",
    "statementMap": {
      "0": {
        "start": { "line": 11, "column": 2 },
        "end": { "line": 22, "column": 4 }
      },
      "1": {
        "start": { "line": 25, "column": 15 },
        "end": { "line": 58, "column": 2 }
      }
    },
    "fnMap": {
      "0": {
        "name": "HomeSectionHeader",
        "decl": {
          "start": { "line": 4, "column": 16 },
          "end": { "line": 4, "column": 33 }
        },
        "loc": {
          "start": { "line": 10, "column": 3 },
          "end": { "line": 23, "column": 1 }
        },
        "line": 10
      }
    },
    "branchMap": {},
    "s": { "0": 0, "1": 0 },
    "f": { "0": 0 },
    "b": {}
  },
  "/Users/kimbanseok/git/cheiftory_frontend/src/modules/shared/components/layout/LoadingView.tsx": {
    "path": "/Users/kimbanseok/git/cheiftory_frontend/src/modules/shared/components/layout/LoadingView.tsx",
    "statementMap": {
      "0": {
        "start": { "line": 11, "column": 2 },
        "end": { "line": 66, "column": 3 }
      },
      "1": {
        "start": { "line": 12, "column": 4 },
        "end": { "line": 65, "column": 6 }
      },
      "2": {
        "start": { "line": 68, "column": 2 },
        "end": { "line": 68, "column": 25 }
      },
      "3": {
        "start": { "line": 71, "column": 15 },
        "end": { "line": 76, "column": 2 }
      }
    },
    "fnMap": {
      "0": {
        "name": "LoadingView",
        "decl": {
          "start": { "line": 10, "column": 16 },
          "end": { "line": 10, "column": 27 }
        },
        "loc": {
          "start": { "line": 10, "column": 58 },
          "end": { "line": 69, "column": 1 }
        },
        "line": 10
      }
    },
    "branchMap": {
      "0": {
        "loc": {
          "start": { "line": 11, "column": 2 },
          "end": { "line": 66, "column": 3 }
        },
        "type": "if",
        "locations": [
          {
            "start": { "line": 11, "column": 2 },
            "end": { "line": 66, "column": 3 }
          },
          { "start": {}, "end": {} }
        ],
        "line": 11
      }
    },
    "s": { "0": 0, "1": 0, "2": 0, "3": 0 },
    "f": { "0": 0 },
    "b": { "0": [0, 0] }
  },
  "/Users/kimbanseok/git/cheiftory_frontend/src/types/auth.d.ts": {
    "path": "/Users/kimbanseok/git/cheiftory_frontend/src/types/auth.d.ts",
    "statementMap": {},
    "fnMap": {},
    "branchMap": {},
    "s": {},
    "f": {},
    "b": {}
  },
  "/Users/kimbanseok/git/cheiftory_frontend/src/types/axiosError.d.ts": {
    "path": "/Users/kimbanseok/git/cheiftory_frontend/src/types/axiosError.d.ts",
    "statementMap": {},
    "fnMap": {},
    "branchMap": {},
    "s": {},
    "f": {},
    "b": {}
  },
  "/Users/kimbanseok/git/cheiftory_frontend/src/types/user.d.ts": {
    "path": "/Users/kimbanseok/git/cheiftory_frontend/src/types/user.d.ts",
    "statementMap": {},
    "fnMap": {},
    "branchMap": {},
    "s": {},
    "f": {},
    "b": {}
  },
  "/Users/kimbanseok/git/cheiftory_frontend/src/utils/axiosUtils.tsx": {
    "path": "/Users/kimbanseok/git/cheiftory_frontend/src/utils/axiosUtils.tsx",
    "statementMap": {
      "0": {
        "start": { "line": 4, "column": 4 },
        "end": { "line": 6, "column": 5 }
      },
      "1": {
        "start": { "line": 5, "column": 8 },
        "end": { "line": 5, "column": 51 }
      },
      "2": {
        "start": { "line": 7, "column": 4 },
        "end": { "line": 9, "column": 5 }
      },
      "3": {
        "start": { "line": 8, "column": 8 },
        "end": { "line": 8, "column": 61 }
      },
      "4": {
        "start": { "line": 11, "column": 4 },
        "end": { "line": 13, "column": 5 }
      },
      "5": {
        "start": { "line": 12, "column": 8 },
        "end": { "line": 12, "column": 57 }
      },
      "6": {
        "start": { "line": 16, "column": 4 },
        "end": { "line": 18, "column": 5 }
      },
      "7": {
        "start": { "line": 17, "column": 8 },
        "end": { "line": 17, "column": 43 }
      },
      "8": {
        "start": { "line": 19, "column": 21 },
        "end": { "line": 19, "column": 33 }
      },
      "9": {
        "start": { "line": 21, "column": 4 },
        "end": { "line": 23, "column": 5 }
      },
      "10": {
        "start": { "line": 22, "column": 8 },
        "end": { "line": 22, "column": 47 }
      },
      "11": {
        "start": { "line": 25, "column": 4 },
        "end": { "line": 27, "column": 5 }
      },
      "12": {
        "start": { "line": 26, "column": 8 },
        "end": { "line": 26, "column": 45 }
      },
      "13": {
        "start": { "line": 29, "column": 4 },
        "end": { "line": 29, "column": 99 }
      }
    },
    "fnMap": {
      "0": {
        "name": "extractAxiosErrorInfo",
        "decl": {
          "start": { "line": 3, "column": 16 },
          "end": { "line": 3, "column": 37 }
        },
        "loc": {
          "start": { "line": 3, "column": 82 },
          "end": { "line": 30, "column": 1 }
        },
        "line": 3
      }
    },
    "branchMap": {
      "0": {
        "loc": {
          "start": { "line": 4, "column": 4 },
          "end": { "line": 6, "column": 5 }
        },
        "type": "if",
        "locations": [
          {
            "start": { "line": 4, "column": 4 },
            "end": { "line": 6, "column": 5 }
          },
          { "start": {}, "end": {} }
        ],
        "line": 4
      },
      "1": {
        "loc": {
          "start": { "line": 4, "column": 7 },
          "end": { "line": 4, "column": 43 }
        },
        "type": "binary-expr",
        "locations": [
          {
            "start": { "line": 4, "column": 7 },
            "end": { "line": 4, "column": 11 }
          },
          {
            "start": { "line": 4, "column": 15 },
            "end": { "line": 4, "column": 43 }
          }
        ],
        "line": 4
      },
      "2": {
        "loc": {
          "start": { "line": 7, "column": 4 },
          "end": { "line": 9, "column": 5 }
        },
        "type": "if",
        "locations": [
          {
            "start": { "line": 7, "column": 4 },
            "end": { "line": 9, "column": 5 }
          },
          { "start": {}, "end": {} }
        ],
        "line": 7
      },
      "3": {
        "loc": {
          "start": { "line": 11, "column": 4 },
          "end": { "line": 13, "column": 5 }
        },
        "type": "if",
        "locations": [
          {
            "start": { "line": 11, "column": 4 },
            "end": { "line": 13, "column": 5 }
          },
          { "start": {}, "end": {} }
        ],
        "line": 11
      },
      "4": {
        "loc": {
          "start": { "line": 16, "column": 4 },
          "end": { "line": 18, "column": 5 }
        },
        "type": "if",
        "locations": [
          {
            "start": { "line": 16, "column": 4 },
            "end": { "line": 18, "column": 5 }
          },
          { "start": {}, "end": {} }
        ],
        "line": 16
      },
      "5": {
        "loc": {
          "start": { "line": 21, "column": 4 },
          "end": { "line": 23, "column": 5 }
        },
        "type": "if",
        "locations": [
          {
            "start": { "line": 21, "column": 4 },
            "end": { "line": 23, "column": 5 }
          },
          { "start": {}, "end": {} }
        ],
        "line": 21
      },
      "6": {
        "loc": {
          "start": { "line": 25, "column": 4 },
          "end": { "line": 27, "column": 5 }
        },
        "type": "if",
        "locations": [
          {
            "start": { "line": 25, "column": 4 },
            "end": { "line": 27, "column": 5 }
          },
          { "start": {}, "end": {} }
        ],
        "line": 25
      }
    },
    "s": {
      "0": 0,
      "1": 0,
      "2": 0,
      "3": 0,
      "4": 0,
      "5": 0,
      "6": 0,
      "7": 0,
      "8": 0,
      "9": 0,
      "10": 0,
      "11": 0,
      "12": 0,
      "13": 0
    },
    "f": { "0": 0 },
    "b": {
      "0": [0, 0],
      "1": [0, 0],
      "2": [0, 0],
      "3": [0, 0],
      "4": [0, 0],
      "5": [0, 0],
      "6": [0, 0]
    }
  }
}
