TN:
SF:app.config.js
FNF:0
FNH:0
LF:0
LH:0
BRF:0
BRH:0
end_of_record
TN:
SF:eslint.config.js
FNF:0
FNH:0
DA:2,0
DA:3,0
DA:4,0
DA:6,0
LF:4
LH:0
BRF:0
BRH:0
end_of_record
TN:
SF:expo-router.config.js
FNF:0
FNH:0
DA:1,0
LF:1
LH:0
BRF:0
BRH:0
end_of_record
TN:
SF:scripts/replaceLinearGradient.js
FN:10,replaceInFile
FN:24,walk
FNF:2
FNH:0
FNDA:0,replaceInFile
FNDA:0,walk
DA:2,0
DA:3,0
DA:5,0
DA:11,0
DA:12,0
DA:18,0
DA:19,0
DA:20,0
DA:25,0
DA:26,0
DA:27,0
DA:28,0
DA:29,0
DA:33,0
DA:34,0
DA:35,0
LF:16
LH:0
BRDA:18,0,0,0
BRDA:18,0,1,0
BRDA:28,1,0,0
BRDA:28,1,1,0
BRDA:29,2,0,0
BRDA:29,2,1,0
BRDA:34,3,0,0
BRDA:34,3,1,0
BRF:8
BRH:0
end_of_record
TN:
SF:src/app/+not-found.tsx
FN:4,NotFoundScreen
FNF:1
FNH:0
FNDA:0,NotFoundScreen
DA:5,0
DA:17,0
LF:2
LH:0
BRF:0
BRH:0
end_of_record
TN:
SF:src/app/_layout.tsx
FN:4,RootLayout
FN:9,(anonymous_1)
FNF:2
FNH:0
FNDA:0,RootLayout
FNDA:0,(anonymous_1)
DA:5,0
DA:9,0
LF:2
LH:0
BRF:0
BRH:0
end_of_record
TN:
SF:src/app/(tabs)/_layout.tsx
FN:4,TabLayout
FN:14,(anonymous_1)
FNF:2
FNH:0
FNDA:0,TabLayout
FNDA:0,(anonymous_1)
DA:5,0
DA:14,0
LF:2
LH:0
BRF:0
BRH:0
end_of_record
TN:
SF:src/app/(tabs)/index.tsx
FN:13,HomeScreen
FN:18,(anonymous_1)
FN:36,(anonymous_2)
FN:41,(anonymous_3)
FNF:4
FNH:0
FNDA:0,HomeScreen
FNDA:0,(anonymous_1)
FNDA:0,(anonymous_2)
FNDA:0,(anonymous_3)
DA:15,0
DA:16,0
DA:18,0
DA:23,0
DA:29,0
DA:51,0
LF:6
LH:0
BRF:0
BRH:0
end_of_record
TN:
SF:src/app/recipe/summary.tsx
FN:14,RecipeFlowScreen
FN:33,(anonymous_1)
FN:36,(anonymous_2)
FN:48,(anonymous_3)
FN:54,(anonymous_4)
FNF:5
FNH:0
FNDA:0,RecipeFlowScreen
FNDA:0,(anonymous_1)
FNDA:0,(anonymous_2)
FNDA:0,(anonymous_3)
FNDA:0,(anonymous_4)
DA:15,0
DA:20,0
DA:25,0
DA:26,0
DA:28,0
DA:34,0
DA:36,0
DA:48,0
DA:54,0
DA:63,0
LF:10
LH:0
BRDA:45,0,0,0
BRDA:45,0,1,0
BRDA:50,1,0,0
BRDA:50,1,1,0
BRF:4
BRH:0
end_of_record
TN:
SF:src/app/recipeFlow/_layout.tsx
FN:17,RecipeFlowLayout
FN:37,RecipeFlowLayoutContent
FN:48,(anonymous_2)
FNF:3
FNH:0
FNDA:0,RecipeFlowLayout
FNDA:0,RecipeFlowLayoutContent
FNDA:0,(anonymous_2)
DA:18,0
DA:24,0
DA:38,0
DA:39,0
DA:41,0
DA:48,0
LF:6
LH:0
BRF:0
BRH:0
end_of_record
TN:
SF:src/app/recipeFlow/cook.tsx
FN:12,RecipeFlowCookScreen
FN:24,(anonymous_1)
FN:40,(anonymous_2)
FNF:3
FNH:0
FNDA:0,RecipeFlowCookScreen
FNDA:0,(anonymous_1)
FNDA:0,(anonymous_2)
DA:13,0
DA:14,0
DA:15,0
DA:17,0
DA:19,0
DA:24,0
DA:40,0
DA:48,0
LF:8
LH:0
BRF:0
BRH:0
end_of_record
TN:
SF:src/app/recipeFlow/detail.tsx
FN:10,RecipeFlowDetailScreen
FN:15,(anonymous_1)
FN:24,(anonymous_2)
FN:31,(anonymous_3)
FNF:4
FNH:0
FNDA:0,RecipeFlowDetailScreen
FNDA:0,(anonymous_1)
FNDA:0,(anonymous_2)
FNDA:0,(anonymous_3)
DA:11,0
DA:13,0
DA:14,0
DA:15,0
DA:16,0
DA:19,0
DA:24,0
DA:32,0
DA:43,0
LF:9
LH:0
BRF:0
BRH:0
end_of_record
TN:
SF:src/modules/cook/components/CookStepCard.tsx
FN:15,CookStepCard
FN:18,(anonymous_1)
FNF:2
FNH:0
FNDA:0,CookStepCard
FNDA:0,(anonymous_1)
DA:16,0
DA:18,0
DA:19,0
DA:24,0
DA:27,0
DA:41,0
LF:6
LH:0
BRF:0
BRH:0
end_of_record
TN:
SF:src/modules/cook/components/CookStepsView.tsx
FN:16,CookStepsView
FN:22,(anonymous_1)
FN:23,(anonymous_2)
FN:37,(anonymous_3)
FN:56,(anonymous_4)
FN:61,(anonymous_5)
FNF:6
FNH:0
FNDA:0,CookStepsView
FNDA:0,(anonymous_1)
FNDA:0,(anonymous_2)
FNDA:0,(anonymous_3)
FNDA:0,(anonymous_4)
FNDA:0,(anonymous_5)
DA:8,0
DA:17,0
DA:18,0
DA:20,0
DA:22,0
DA:23,0
DA:24,0
DA:25,0
DA:26,0
DA:30,0
DA:33,0
DA:37,0
DA:41,0
DA:57,0
DA:58,0
DA:59,0
DA:62,0
DA:75,0
LF:18
LH:0
BRDA:25,0,0,0
BRDA:25,0,1,0
BRDA:26,1,0,0
BRDA:26,1,1,0
BRDA:27,2,0,0
BRDA:27,2,1,0
BRF:6
BRH:0
end_of_record
TN:
SF:src/modules/cook/components/CookStepsView1.tsx
FN:20,CookStepsView1
FN:28,(anonymous_1)
FN:39,(anonymous_2)
FN:51,(anonymous_3)
FN:60,(anonymous_4)
FN:61,(anonymous_5)
FN:78,(anonymous_6)
FN:84,(anonymous_7)
FN:85,(anonymous_8)
FN:99,(anonymous_9)
FN:120,(anonymous_10)
FN:125,(anonymous_11)
FNF:12
FNH:0
FNDA:0,CookStepsView1
FNDA:0,(anonymous_1)
FNDA:0,(anonymous_2)
FNDA:0,(anonymous_3)
FNDA:0,(anonymous_4)
FNDA:0,(anonymous_5)
FNDA:0,(anonymous_6)
FNDA:0,(anonymous_7)
FNDA:0,(anonymous_8)
FNDA:0,(anonymous_9)
FNDA:0,(anonymous_10)
FNDA:0,(anonymous_11)
DA:12,0
DA:21,0
DA:22,0
DA:23,0
DA:24,0
DA:26,0
DA:28,0
DA:29,0
DA:30,0
DA:31,0
DA:33,0
DA:34,0
DA:35,0
DA:36,0
DA:37,0
DA:38,0
DA:39,0
DA:40,0
DA:45,0
DA:46,0
DA:47,0
DA:48,0
DA:49,0
DA:50,0
DA:51,0
DA:52,0
DA:60,0
DA:61,0
DA:63,0
DA:64,0
DA:65,0
DA:66,0
DA:67,0
DA:69,0
DA:76,0
DA:78,0
DA:79,0
DA:80,0
DA:84,0
DA:85,0
DA:86,0
DA:87,0
DA:88,0
DA:92,0
DA:95,0
DA:99,0
DA:103,0
DA:121,0
DA:122,0
DA:123,0
DA:126,0
DA:139,0
LF:52
LH:0
BRDA:29,0,0,0
BRDA:29,0,1,0
BRDA:33,1,0,0
BRDA:33,1,1,0
BRDA:45,2,0,0
BRDA:45,2,1,0
BRDA:64,3,0,0
BRDA:64,3,1,0
BRDA:87,4,0,0
BRDA:87,4,1,0
BRDA:88,5,0,0
BRDA:88,5,1,0
BRDA:89,6,0,0
BRDA:89,6,1,0
BRF:14
BRH:0
end_of_record
TN:
SF:src/modules/cook/components/CookStepsView2.tsx
FN:21,CookStepsView2
FN:42,(anonymous_1)
FN:54,(anonymous_2)
FN:82,(anonymous_3)
FN:90,(anonymous_4)
FN:101,(anonymous_5)
FN:103,(anonymous_6)
FN:116,(anonymous_7)
FN:122,(anonymous_8)
FN:142,(anonymous_9)
FN:143,(anonymous_10)
FN:166,(anonymous_11)
FN:180,(anonymous_12)
FN:181,(anonymous_13)
FN:188,(anonymous_14)
FN:194,(anonymous_15)
FN:195,(anonymous_16)
FN:209,(anonymous_17)
FN:230,(anonymous_18)
FN:235,(anonymous_19)
FNF:20
FNH:0
FNDA:0,CookStepsView2
FNDA:0,(anonymous_1)
FNDA:0,(anonymous_2)
FNDA:0,(anonymous_3)
FNDA:0,(anonymous_4)
FNDA:0,(anonymous_5)
FNDA:0,(anonymous_6)
FNDA:0,(anonymous_7)
FNDA:0,(anonymous_8)
FNDA:0,(anonymous_9)
FNDA:0,(anonymous_10)
FNDA:0,(anonymous_11)
FNDA:0,(anonymous_12)
FNDA:0,(anonymous_13)
FNDA:0,(anonymous_14)
FNDA:0,(anonymous_15)
FNDA:0,(anonymous_16)
FNDA:0,(anonymous_17)
FNDA:0,(anonymous_18)
FNDA:0,(anonymous_19)
DA:13,0
DA:22,0
DA:23,0
DA:24,0
DA:25,0
DA:26,0
DA:38,0
DA:40,0
DA:42,0
DA:43,0
DA:44,0
DA:54,0
DA:55,0
DA:58,0
DA:82,0
DA:83,0
DA:84,0
DA:86,0
DA:90,0
DA:93,0
DA:97,0
DA:101,0
DA:102,0
DA:103,0
DA:104,0
DA:105,0
DA:116,0
DA:117,0
DA:118,0
DA:122,0
DA:123,0
DA:124,0
DA:126,0
DA:127,0
DA:128,0
DA:130,0
DA:131,0
DA:132,0
DA:134,0
DA:135,0
DA:136,0
DA:138,0
DA:142,0
DA:143,0
DA:144,0
DA:145,0
DA:147,0
DA:149,0
DA:167,0
DA:168,0
DA:170,0
DA:177,0
DA:181,0
DA:185,0
DA:187,0
DA:188,0
DA:189,0
DA:190,0
DA:194,0
DA:195,0
DA:196,0
DA:197,0
DA:198,0
DA:202,0
DA:205,0
DA:209,0
DA:213,0
DA:231,0
DA:232,0
DA:233,0
DA:236,0
DA:249,0
LF:72
LH:0
BRDA:86,0,0,0
BRDA:86,0,1,0
BRDA:87,1,0,0
BRDA:87,1,1,0
BRDA:93,2,0,0
BRDA:93,2,1,0
BRDA:94,3,0,0
BRDA:94,3,1,0
BRDA:123,4,0,0
BRDA:123,4,1,0
BRDA:131,5,0,0
BRDA:131,5,1,0
BRDA:145,6,0,0
BRDA:145,6,1,0
BRDA:167,7,0,0
BRDA:167,7,1,0
BRDA:197,8,0,0
BRDA:197,8,1,0
BRDA:198,9,0,0
BRDA:198,9,1,0
BRDA:199,10,0,0
BRDA:199,10,1,0
BRF:22
BRH:0
end_of_record
TN:
SF:src/modules/cook/types/CookStep.ts
FN:10,(anonymous_0)
FN:24,(anonymous_1)
FNF:2
FNH:2
FNDA:17,(anonymous_0)
FNDA:17,(anonymous_1)
DA:17,17
DA:18,17
DA:19,17
DA:20,17
DA:21,17
DA:25,17
LF:6
LH:6
BRF:0
BRH:0
end_of_record
TN:
SF:src/modules/recipe/detail/components/RecipeDetailView.tsx
FN:10,RecipeDetailView
FN:22,(anonymous_1)
FN:29,(anonymous_2)
FNF:3
FNH:0
FNDA:0,RecipeDetailView
FNDA:0,(anonymous_1)
FNDA:0,(anonymous_2)
DA:11,0
DA:23,0
DA:30,0
DA:44,0
LF:4
LH:0
BRF:0
BRH:0
end_of_record
TN:
SF:src/modules/recipe/link/components/RecipeLinkInput.tsx
FN:7,RecipeLinkInput
FNF:1
FNH:0
FNDA:0,RecipeLinkInput
DA:8,0
DA:20,0
LF:2
LH:0
BRF:0
BRH:0
end_of_record
TN:
SF:src/modules/recipe/summary/api/recipeSummaryApi.ts
FN:30,fetchRecipeSummary
FN:31,(anonymous_1)
FN:32,(anonymous_2)
FNF:3
FNH:0
FNDA:0,fetchRecipeSummary
FNDA:0,(anonymous_1)
FNDA:0,(anonymous_2)
DA:31,0
DA:32,0
DA:33,0
LF:3
LH:0
BRF:0
BRH:0
end_of_record
TN:
SF:src/modules/recipe/summary/hooks/useRecipeThumbnail.ts
FN:6,useRecipeThumbnail
FN:11,(anonymous_1)
FN:12,(anonymous_2)
FNF:3
FNH:0
FNDA:0,useRecipeThumbnail
FNDA:0,(anonymous_1)
FNDA:0,(anonymous_2)
DA:9,0
DA:11,0
DA:12,0
DA:13,0
DA:17,0
LF:5
LH:0
BRDA:13,0,0,0
BRDA:13,0,1,0
BRF:2
BRH:0
end_of_record
TN:
SF:src/modules/recipe/summary/popular/components/PopularRecipeSummaryCard.tsx
FN:11,PopularRecipeSummaryCard
FN:17,(anonymous_1)
FNF:2
FNH:2
FNDA:9,PopularRecipeSummaryCard
FNDA:3,(anonymous_1)
DA:12,9
DA:14,9
DA:17,3
DA:32,1
LF:4
LH:4
BRF:0
BRH:0
end_of_record
TN:
SF:src/modules/recipe/summary/popular/components/PopularRecipeSummaryList.tsx
FN:10,PopularRecipeSummaryList
FN:16,(anonymous_1)
FN:18,(anonymous_2)
FNF:3
FNH:0
FNDA:0,PopularRecipeSummaryList
FNDA:0,(anonymous_1)
FNDA:0,(anonymous_2)
DA:11,0
DA:16,0
DA:19,0
DA:25,0
LF:4
LH:0
BRF:0
BRH:0
end_of_record
TN:
SF:src/modules/recipe/summary/popular/types/PopularRecipeSummary.ts
FN:11,(anonymous_0)
FN:27,(anonymous_1)
FNF:2
FNH:2
FNDA:14,(anonymous_0)
FNDA:14,(anonymous_1)
DA:19,14
DA:20,14
DA:21,14
DA:22,14
DA:23,14
DA:24,14
DA:28,14
LF:7
LH:7
BRF:0
BRH:0
end_of_record
TN:
SF:src/modules/recipe/summary/recent/components/RecentRecipeSummaryCard.tsx
FN:11,RecentRecipeSummaryCard
FN:15,(anonymous_1)
FNF:2
FNH:0
FNDA:0,RecentRecipeSummaryCard
FNDA:0,(anonymous_1)
DA:12,0
DA:14,0
DA:15,0
DA:33,0
LF:4
LH:0
BRF:0
BRH:0
end_of_record
TN:
SF:src/modules/recipe/summary/recent/components/RecentRecipeSummaryList.tsx
FN:11,RecentRecipeSummaryList
FN:17,(anonymous_1)
FN:18,(anonymous_2)
FN:20,(anonymous_3)
FNF:4
FNH:0
FNDA:0,RecentRecipeSummaryList
FNDA:0,(anonymous_1)
FNDA:0,(anonymous_2)
FNDA:0,(anonymous_3)
DA:12,0
DA:17,0
DA:18,0
DA:21,0
DA:27,0
LF:5
LH:0
BRF:0
BRH:0
end_of_record
TN:
SF:src/modules/recipe/summary/recent/types/RecentSummaryRecipe.ts
FN:12,(anonymous_0)
FN:30,(anonymous_1)
FNF:2
FNH:2
FNDA:5,(anonymous_0)
FNDA:5,(anonymous_1)
DA:21,5
DA:22,5
DA:23,5
DA:24,5
DA:25,5
DA:26,5
DA:27,5
DA:31,5
LF:8
LH:8
BRF:0
BRH:0
end_of_record
TN:
SF:src/modules/recipe/summary/shared/components/RecipeSectionHeader.tsx
FN:4,RecipeSectionHeader
FNF:1
FNH:0
FNDA:0,RecipeSectionHeader
DA:11,0
DA:23,0
LF:2
LH:0
BRDA:14,0,0,0
BRDA:14,0,1,0
BRF:2
BRH:0
end_of_record
TN:
SF:src/modules/recipe/summary/viewmodels/useRecipeSummaryViewModel.ts
FN:6,useRecipeSummaryViewModel
FN:19,(anonymous_1)
FN:20,(anonymous_2)
FN:24,(anonymous_3)
FN:27,(anonymous_4)
FNF:5
FNH:5
FNDA:10,useRecipeSummaryViewModel
FNDA:5,(anonymous_1)
FNDA:5,(anonymous_2)
FNDA:6,(anonymous_3)
FNDA:3,(anonymous_4)
DA:12,10
DA:15,10
DA:16,10
DA:17,10
DA:19,10
DA:20,5
DA:21,5
DA:22,5
DA:23,4
DA:24,6
DA:26,3
DA:27,3
DA:30,2
DA:31,2
DA:33,5
DA:37,5
DA:40,10
LF:17
LH:17
BRF:0
BRH:0
end_of_record
TN:
SF:src/modules/recipeFlow/api/RecipeFlowApi.ts
FN:19,fetchRecipeFlow
FN:22,(anonymous_1)
FN:23,(anonymous_2)
FNF:3
FNH:0
FNDA:0,fetchRecipeFlow
FNDA:0,(anonymous_1)
FNDA:0,(anonymous_2)
DA:22,0
DA:23,0
DA:24,0
DA:25,0
DA:26,0
DA:28,0
LF:6
LH:0
BRDA:25,0,0,0
BRDA:25,0,1,0
BRF:2
BRH:0
end_of_record
TN:
SF:src/modules/recipeFlow/components/RecipeFlowHeader.tsx
FN:9,RecipeFlowHeader
FNF:1
FNH:0
FNDA:0,RecipeFlowHeader
DA:10,0
LF:1
LH:0
BRDA:10,0,0,0
BRDA:10,0,1,0
BRF:2
BRH:0
end_of_record
TN:
SF:src/modules/recipeFlow/contexts/RecipeFlowProvider.tsx
FN:21,RecipeFlowProvider
FN:40,useRecipeFlow
FNF:2
FNH:0
FNDA:0,RecipeFlowProvider
FNDA:0,useRecipeFlow
DA:10,0
DA:27,0
DA:33,0
DA:41,0
DA:42,0
DA:43,0
DA:45,0
LF:7
LH:0
BRDA:42,0,0,0
BRDA:42,0,1,0
BRF:2
BRH:0
end_of_record
TN:
SF:src/modules/recipeFlow/contexts/YoutubePlayerProvider.tsx
FN:14,(anonymous_0)
FN:27,(anonymous_1)
FNF:2
FNH:0
FNDA:0,(anonymous_0)
FNDA:0,(anonymous_1)
DA:12,0
DA:14,0
DA:17,0
DA:18,0
DA:20,0
DA:27,0
DA:28,0
DA:29,0
DA:30,0
DA:33,0
LF:10
LH:0
BRDA:29,0,0,0
BRDA:29,0,1,0
BRF:2
BRH:0
end_of_record
TN:
SF:src/modules/recipeFlow/types/RecipeFlow.ts
FN:13,(anonymous_0)
FN:31,(anonymous_1)
FN:47,(anonymous_2)
FN:64,(anonymous_3)
FN:72,(anonymous_4)
FNF:5
FNH:5
FNDA:17,(anonymous_0)
FNDA:13,(anonymous_1)
FNDA:12,(anonymous_2)
FNDA:7,(anonymous_3)
FNDA:16,(anonymous_4)
DA:22,17
DA:23,17
DA:24,17
DA:25,17
DA:26,17
DA:27,17
DA:28,17
DA:36,13
DA:48,12
DA:49,2
DA:52,10
DA:53,10
DA:55,10
DA:56,1
DA:57,9
DA:58,2
DA:60,7
DA:65,7
DA:72,16
LF:19
LH:19
BRDA:38,0,0,13
BRDA:38,0,1,3
BRDA:39,1,0,13
BRDA:39,1,1,3
BRDA:48,2,0,2
BRDA:48,2,1,10
BRDA:55,3,0,1
BRDA:55,3,1,9
BRDA:55,4,0,10
BRDA:55,4,1,3
BRDA:57,5,0,2
BRDA:57,5,1,7
BRF:12
BRH:12
end_of_record
TN:
SF:src/modules/recipeFlow/types/RecipeFlowMode.ts
FNF:0
FNH:0
LF:0
LH:0
BRF:0
BRH:0
end_of_record
TN:
SF:src/modules/recipeFlow/viewmodels/useRecipeFlowViewModel.ts
FN:5,useRecipeFlowViewModel
FN:21,(anonymous_1)
FN:22,(anonymous_2)
FN:25,(anonymous_3)
FNF:4
FNH:4
FNDA:9,useRecipeFlowViewModel
FNDA:4,(anonymous_1)
FNDA:4,(anonymous_2)
FNDA:5,(anonymous_3)
DA:14,9
DA:18,7
DA:19,7
DA:21,7
DA:22,4
DA:23,4
DA:24,4
DA:25,5
DA:27,1
DA:29,4
DA:33,4
DA:36,7
LF:12
LH:12
BRF:0
BRH:0
end_of_record
TN:
SF:src/modules/shared/components/layout/CustomBackButton.tsx
FN:9,CustomBackButton
FN:15,(anonymous_1)
FNF:2
FNH:0
FNDA:0,CustomBackButton
FNDA:0,(anonymous_1)
DA:10,0
DA:12,0
DA:15,0
LF:3
LH:0
BRDA:15,0,0,0
BRDA:15,0,1,0
BRF:2
BRH:0
end_of_record
TN:
SF:src/modules/shared/components/layout/HomeHeader.tsx
FN:4,HomeHeader
FNF:1
FNH:0
FNDA:0,HomeHeader
DA:5,0
DA:13,0
LF:2
LH:0
BRF:0
BRH:0
end_of_record
TN:
SF:src/modules/shared/components/layout/LoadingView.tsx
FN:10,LoadingView
FNF:1
FNH:0
FNDA:0,LoadingView
DA:11,0
DA:68,0
LF:2
LH:0
BRDA:14,0,0,0
BRDA:14,0,1,0
BRF:2
BRH:0
end_of_record
TN:
SF:src/modules/shared/components/video/YoutubeVideoPlayer.tsx
FN:9,YoutubeVideoPlayer
FNF:1
FNH:0
FNDA:0,YoutubeVideoPlayer
DA:10,0
LF:1
LH:0
BRF:0
BRH:0
end_of_record
